{"/Users/macbookairm1/Flirrt-screens-shots-v1/FlirrtAI/Backend/server.js": {"path":"/Users/macbookairm1/Flirrt-screens-shots-v1/FlirrtAI/Backend/server.js","statementMap":{"0":{"start":{"line":1,"column":0},"end":{"line":1,"column":27}},"1":{"start":{"line":3,"column":16},"end":{"line":3,"column":34}},"2":{"start":{"line":4,"column":13},"end":{"line":4,"column":28}},"3":{"start":{"line":5,"column":13},"end":{"line":5,"column":28}},"4":{"start":{"line":6,"column":11},"end":{"line":6,"column":24}},"5":{"start":{"line":7,"column":13},"end":{"line":7,"column":28}},"6":{"start":{"line":8,"column":17},"end":{"line":8,"column":30}},"7":{"start":{"line":11,"column":19},"end":{"line":11,"column":47}},"8":{"start":{"line":12,"column":21},"end":{"line":12,"column":48}},"9":{"start":{"line":13,"column":21},"end":{"line":13,"column":55}},"10":{"start":{"line":14,"column":25},"end":{"line":14,"column":63}},"11":{"start":{"line":15,"column":30},"end":{"line":15,"column":66}},"12":{"start":{"line":16,"column":27},"end":{"line":16,"column":60}},"13":{"start":{"line":26,"column":4},"end":{"line":26,"column":41}},"14":{"start":{"line":27,"column":26},"end":{"line":27,"column":65}},"15":{"start":{"line":30,"column":19},"end":{"line":30,"column":43}},"16":{"start":{"line":31,"column":23},"end":{"line":31,"column":51}},"17":{"start":{"line":32,"column":20},"end":{"line":32,"column":46}},"18":{"start":{"line":33,"column":32},"end":{"line":33,"column":71}},"19":{"start":{"line":34,"column":20},"end":{"line":34,"column":45}},"20":{"start":{"line":37,"column":47},"end":{"line":37,"column":75}},"21":{"start":{"line":38,"column":48},"end":{"line":38,"column":82}},"22":{"start":{"line":40,"column":12},"end":{"line":40,"column":21}},"23":{"start":{"line":41,"column":15},"end":{"line":41,"column":37}},"24":{"start":{"line":42,"column":13},"end":{"line":42,"column":37}},"25":{"start":{"line":45,"column":13},"end":{"line":51,"column":2}},"26":{"start":{"line":54,"column":0},"end":{"line":56,"column":110}},"27":{"start":{"line":55,"column":16},"end":{"line":55,"column":63}},"28":{"start":{"line":56,"column":18},"end":{"line":56,"column":108}},"29":{"start":{"line":59,"column":0},"end":{"line":63,"column":3}},"30":{"start":{"line":66,"column":0},"end":{"line":66,"column":36}},"31":{"start":{"line":69,"column":0},"end":{"line":74,"column":1}},"32":{"start":{"line":71,"column":4},"end":{"line":71,"column":40}},"33":{"start":{"line":73,"column":4},"end":{"line":73,"column":83}},"34":{"start":{"line":77,"column":0},"end":{"line":77,"column":33}},"35":{"start":{"line":78,"column":0},"end":{"line":78,"column":26}},"36":{"start":{"line":79,"column":0},"end":{"line":79,"column":27}},"37":{"start":{"line":80,"column":0},"end":{"line":80,"column":25}},"38":{"start":{"line":83,"column":0},"end":{"line":114,"column":4}},"39":{"start":{"line":117,"column":0},"end":{"line":117,"column":25}},"40":{"start":{"line":118,"column":0},"end":{"line":118,"column":28}},"41":{"start":{"line":120,"column":0},"end":{"line":120,"column":41}},"42":{"start":{"line":121,"column":0},"end":{"line":121,"column":63}},"43":{"start":{"line":124,"column":0},"end":{"line":124,"column":33}},"44":{"start":{"line":127,"column":0},"end":{"line":127,"column":56}},"45":{"start":{"line":132,"column":0},"end":{"line":148,"column":3}},"46":{"start":{"line":133,"column":4},"end":{"line":147,"column":5}},"47":{"start":{"line":134,"column":23},"end":{"line":134,"column":92}},"48":{"start":{"line":135,"column":27},"end":{"line":135,"column":103}},"49":{"start":{"line":137,"column":8},"end":{"line":137,"column":44}},"50":{"start":{"line":139,"column":8},"end":{"line":139,"column":74}},"51":{"start":{"line":140,"column":8},"end":{"line":146,"column":11}},"52":{"start":{"line":151,"column":0},"end":{"line":167,"column":3}},"53":{"start":{"line":152,"column":4},"end":{"line":166,"column":5}},"54":{"start":{"line":153,"column":23},"end":{"line":153,"column":91}},"55":{"start":{"line":154,"column":27},"end":{"line":154,"column":103}},"56":{"start":{"line":156,"column":8},"end":{"line":156,"column":44}},"57":{"start":{"line":158,"column":8},"end":{"line":158,"column":83}},"58":{"start":{"line":159,"column":8},"end":{"line":165,"column":11}},"59":{"start":{"line":170,"column":0},"end":{"line":174,"column":3}},"60":{"start":{"line":171,"column":19},"end":{"line":171,"column":56}},"61":{"start":{"line":172,"column":23},"end":{"line":172,"column":62}},"62":{"start":{"line":173,"column":4},"end":{"line":173,"column":40}},"63":{"start":{"line":177,"column":0},"end":{"line":181,"column":3}},"64":{"start":{"line":178,"column":19},"end":{"line":178,"column":60}},"65":{"start":{"line":179,"column":23},"end":{"line":179,"column":60}},"66":{"start":{"line":180,"column":4},"end":{"line":180,"column":40}},"67":{"start":{"line":184,"column":0},"end":{"line":187,"column":3}},"68":{"start":{"line":185,"column":19},"end":{"line":185,"column":59}},"69":{"start":{"line":186,"column":4},"end":{"line":186,"column":33}},"70":{"start":{"line":190,"column":0},"end":{"line":201,"column":3}},"71":{"start":{"line":191,"column":18},"end":{"line":191,"column":63}},"72":{"start":{"line":192,"column":20},"end":{"line":192,"column":62}},"73":{"start":{"line":193,"column":19},"end":{"line":193,"column":55}},"74":{"start":{"line":195,"column":4},"end":{"line":200,"column":7}},"75":{"start":{"line":204,"column":0},"end":{"line":232,"column":3}},"76":{"start":{"line":205,"column":4},"end":{"line":231,"column":5}},"77":{"start":{"line":206,"column":62},"end":{"line":211,"column":10}},"78":{"start":{"line":213,"column":8},"end":{"line":223,"column":11}},"79":{"start":{"line":225,"column":8},"end":{"line":225,"column":80}},"80":{"start":{"line":226,"column":8},"end":{"line":230,"column":11}},"81":{"start":{"line":235,"column":0},"end":{"line":235,"column":36}},"82":{"start":{"line":236,"column":0},"end":{"line":236,"column":44}},"83":{"start":{"line":237,"column":0},"end":{"line":237,"column":39}},"84":{"start":{"line":238,"column":0},"end":{"line":238,"column":51}},"85":{"start":{"line":239,"column":0},"end":{"line":239,"column":38}},"86":{"start":{"line":242,"column":0},"end":{"line":400,"column":3}},"87":{"start":{"line":243,"column":4},"end":{"line":399,"column":5}},"88":{"start":{"line":244,"column":23},"end":{"line":244,"column":33}},"89":{"start":{"line":245,"column":33},"end":{"line":245,"column":44}},"90":{"start":{"line":248,"column":8},"end":{"line":272,"column":9}},"91":{"start":{"line":250,"column":12},"end":{"line":271,"column":13}},"92":{"start":{"line":251,"column":35},"end":{"line":253,"column":17}},"93":{"start":{"line":254,"column":36},"end":{"line":254,"column":84}},"94":{"start":{"line":256,"column":16},"end":{"line":262,"column":17}},"95":{"start":{"line":257,"column":20},"end":{"line":261,"column":23}},"96":{"start":{"line":265,"column":16},"end":{"line":265,"column":106}},"97":{"start":{"line":266,"column":16},"end":{"line":270,"column":19}},"98":{"start":{"line":275,"column":28},"end":{"line":275,"column":30}},"99":{"start":{"line":276,"column":8},"end":{"line":355,"column":9}},"100":{"start":{"line":277,"column":12},"end":{"line":281,"column":14}},"101":{"start":{"line":284,"column":27},"end":{"line":284,"column":47}},"102":{"start":{"line":286,"column":12},"end":{"line":321,"column":13}},"103":{"start":{"line":287,"column":16},"end":{"line":287,"column":44}},"104":{"start":{"line":290,"column":39},"end":{"line":294,"column":17}},"105":{"start":{"line":295,"column":40},"end":{"line":295,"column":80}},"106":{"start":{"line":296,"column":16},"end":{"line":296,"column":53}},"107":{"start":{"line":299,"column":16},"end":{"line":299,"column":89}},"108":{"start":{"line":300,"column":16},"end":{"line":300,"column":85}},"109":{"start":{"line":301,"column":16},"end":{"line":301,"column":90}},"110":{"start":{"line":302,"column":16},"end":{"line":302,"column":93}},"111":{"start":{"line":303,"column":16},"end":{"line":303,"column":87}},"112":{"start":{"line":304,"column":16},"end":{"line":304,"column":76}},"113":{"start":{"line":307,"column":16},"end":{"line":312,"column":18}},"114":{"start":{"line":314,"column":16},"end":{"line":314,"column":45}},"115":{"start":{"line":315,"column":16},"end":{"line":315,"column":33}},"116":{"start":{"line":318,"column":16},"end":{"line":318,"column":47}},"117":{"start":{"line":319,"column":16},"end":{"line":319,"column":33}},"118":{"start":{"line":320,"column":16},"end":{"line":320,"column":28}},"119":{"start":{"line":323,"column":12},"end":{"line":323,"column":122}},"120":{"start":{"line":327,"column":30},"end":{"line":327,"column":67}},"121":{"start":{"line":328,"column":23},"end":{"line":328,"column":45}},"122":{"start":{"line":329,"column":25},"end":{"line":329,"column":40}},"123":{"start":{"line":331,"column":12},"end":{"line":354,"column":13}},"124":{"start":{"line":332,"column":30},"end":{"line":332,"column":57}},"125":{"start":{"line":335,"column":34},"end":{"line":339,"column":17}},"126":{"start":{"line":336,"column":20},"end":{"line":338,"column":50}},"127":{"start":{"line":341,"column":16},"end":{"line":347,"column":17}},"128":{"start":{"line":342,"column":20},"end":{"line":346,"column":21}},"129":{"start":{"line":343,"column":24},"end":{"line":343,"column":68}},"130":{"start":{"line":345,"column":24},"end":{"line":345,"column":89}},"131":{"start":{"line":349,"column":16},"end":{"line":349,"column":99}},"132":{"start":{"line":349,"column":55},"end":{"line":349,"column":96}},"133":{"start":{"line":351,"column":16},"end":{"line":351,"column":97}},"134":{"start":{"line":353,"column":16},"end":{"line":353,"column":35}},"135":{"start":{"line":358,"column":8},"end":{"line":367,"column":9}},"136":{"start":{"line":359,"column":12},"end":{"line":366,"column":13}},"137":{"start":{"line":360,"column":33},"end":{"line":360,"column":69}},"138":{"start":{"line":361,"column":16},"end":{"line":365,"column":17}},"139":{"start":{"line":362,"column":20},"end":{"line":362,"column":66}},"140":{"start":{"line":364,"column":20},"end":{"line":364,"column":89}},"141":{"start":{"line":369,"column":8},"end":{"line":376,"column":11}},"142":{"start":{"line":379,"column":8},"end":{"line":379,"column":53}},"143":{"start":{"line":382,"column":8},"end":{"line":391,"column":9}},"144":{"start":{"line":383,"column":12},"end":{"line":388,"column":14}},"145":{"start":{"line":390,"column":12},"end":{"line":390,"column":102}},"146":{"start":{"line":393,"column":8},"end":{"line":398,"column":11}},"147":{"start":{"line":403,"column":0},"end":{"line":447,"column":3}},"148":{"start":{"line":404,"column":4},"end":{"line":446,"column":5}},"149":{"start":{"line":405,"column":38},"end":{"line":405,"column":47}},"150":{"start":{"line":407,"column":25},"end":{"line":407,"column":67}},"151":{"start":{"line":408,"column":8},"end":{"line":408,"column":87}},"152":{"start":{"line":408,"column":32},"end":{"line":408,"column":87}},"153":{"start":{"line":409,"column":8},"end":{"line":409,"column":86}},"154":{"start":{"line":409,"column":32},"end":{"line":409,"column":86}},"155":{"start":{"line":411,"column":31},"end":{"line":420,"column":9}},"156":{"start":{"line":422,"column":23},"end":{"line":422,"column":70}},"157":{"start":{"line":423,"column":22},"end":{"line":423,"column":36}},"158":{"start":{"line":425,"column":8},"end":{"line":437,"column":11}},"159":{"start":{"line":440,"column":8},"end":{"line":440,"column":49}},"160":{"start":{"line":441,"column":8},"end":{"line":445,"column":11}},"161":{"start":{"line":450,"column":0},"end":{"line":482,"column":3}},"162":{"start":{"line":451,"column":4},"end":{"line":481,"column":5}},"163":{"start":{"line":452,"column":29},"end":{"line":452,"column":39}},"164":{"start":{"line":453,"column":25},"end":{"line":453,"column":55}},"165":{"start":{"line":456,"column":26},"end":{"line":460,"column":9}},"166":{"start":{"line":462,"column":27},"end":{"line":462,"column":82}},"167":{"start":{"line":464,"column":8},"end":{"line":470,"column":9}},"168":{"start":{"line":465,"column":12},"end":{"line":469,"column":15}},"169":{"start":{"line":472,"column":8},"end":{"line":472,"column":45}},"170":{"start":{"line":475,"column":8},"end":{"line":475,"column":52}},"171":{"start":{"line":476,"column":8},"end":{"line":480,"column":11}},"172":{"start":{"line":485,"column":0},"end":{"line":505,"column":3}},"173":{"start":{"line":486,"column":4},"end":{"line":504,"column":7}},"174":{"start":{"line":508,"column":0},"end":{"line":508,"column":36}},"175":{"start":{"line":509,"column":0},"end":{"line":546,"column":3}},"176":{"start":{"line":513,"column":4},"end":{"line":520,"column":5}},"177":{"start":{"line":514,"column":8},"end":{"line":519,"column":11}},"178":{"start":{"line":522,"column":4},"end":{"line":528,"column":5}},"179":{"start":{"line":523,"column":8},"end":{"line":527,"column":11}},"180":{"start":{"line":531,"column":4},"end":{"line":537,"column":5}},"181":{"start":{"line":532,"column":8},"end":{"line":536,"column":11}},"182":{"start":{"line":540,"column":4},"end":{"line":545,"column":7}},"183":{"start":{"line":549,"column":25},"end":{"line":573,"column":1}},"184":{"start":{"line":550,"column":4},"end":{"line":550,"column":64}},"185":{"start":{"line":552,"column":4},"end":{"line":572,"column":5}},"186":{"start":{"line":554,"column":8},"end":{"line":556,"column":11}},"187":{"start":{"line":555,"column":12},"end":{"line":555,"column":46}},"188":{"start":{"line":559,"column":8},"end":{"line":559,"column":49}},"189":{"start":{"line":561,"column":8},"end":{"line":561,"column":42}},"190":{"start":{"line":562,"column":8},"end":{"line":562,"column":38}},"191":{"start":{"line":563,"column":8},"end":{"line":563,"column":40}},"192":{"start":{"line":564,"column":8},"end":{"line":564,"column":25}},"193":{"start":{"line":566,"column":8},"end":{"line":566,"column":51}},"194":{"start":{"line":567,"column":8},"end":{"line":567,"column":24}},"195":{"start":{"line":570,"column":8},"end":{"line":570,"column":81}},"196":{"start":{"line":571,"column":8},"end":{"line":571,"column":24}},"197":{"start":{"line":575,"column":0},"end":{"line":575,"column":57}},"198":{"start":{"line":575,"column":28},"end":{"line":575,"column":55}},"199":{"start":{"line":576,"column":0},"end":{"line":576,"column":55}},"200":{"start":{"line":576,"column":27},"end":{"line":576,"column":53}},"201":{"start":{"line":579,"column":0},"end":{"line":585,"column":3}},"202":{"start":{"line":580,"column":4},"end":{"line":583,"column":7}},"203":{"start":{"line":584,"column":4},"end":{"line":584,"column":43}},"204":{"start":{"line":587,"column":0},"end":{"line":594,"column":3}},"205":{"start":{"line":588,"column":4},"end":{"line":592,"column":7}},"206":{"start":{"line":593,"column":4},"end":{"line":593,"column":44}},"207":{"start":{"line":597,"column":0},"end":{"line":632,"column":3}},"208":{"start":{"line":598,"column":4},"end":{"line":617,"column":7}},"209":{"start":{"line":620,"column":4},"end":{"line":622,"column":7}},"210":{"start":{"line":621,"column":8},"end":{"line":621,"column":82}},"211":{"start":{"line":625,"column":4},"end":{"line":629,"column":23}},"212":{"start":{"line":626,"column":8},"end":{"line":628,"column":11}},"213":{"start":{"line":627,"column":12},"end":{"line":627,"column":88}},"214":{"start":{"line":631,"column":4},"end":{"line":631,"column":54}},"215":{"start":{"line":635,"column":0},"end":{"line":642,"column":3}},"216":{"start":{"line":636,"column":4},"end":{"line":640,"column":5}},"217":{"start":{"line":637,"column":8},"end":{"line":637,"column":60}},"218":{"start":{"line":639,"column":8},"end":{"line":639,"column":71}},"219":{"start":{"line":641,"column":4},"end":{"line":641,"column":20}},"220":{"start":{"line":644,"column":0},"end":{"line":644,"column":21}}},"fnMap":{"0":{"name":"(anonymous_0)","decl":{"start":{"line":55,"column":10},"end":{"line":55,"column":11}},"loc":{"start":{"line":55,"column":16},"end":{"line":55,"column":63}},"line":55},"1":{"name":"(anonymous_1)","decl":{"start":{"line":56,"column":11},"end":{"line":56,"column":12}},"loc":{"start":{"line":56,"column":18},"end":{"line":56,"column":108}},"line":56},"2":{"name":"(anonymous_2)","decl":{"start":{"line":132,"column":19},"end":{"line":132,"column":20}},"loc":{"start":{"line":132,"column":39},"end":{"line":148,"column":1}},"line":132},"3":{"name":"(anonymous_3)","decl":{"start":{"line":151,"column":28},"end":{"line":151,"column":29}},"loc":{"start":{"line":151,"column":48},"end":{"line":167,"column":1}},"line":151},"4":{"name":"(anonymous_4)","decl":{"start":{"line":170,"column":25},"end":{"line":170,"column":26}},"loc":{"start":{"line":170,"column":45},"end":{"line":174,"column":1}},"line":170},"5":{"name":"(anonymous_5)","decl":{"start":{"line":177,"column":25},"end":{"line":177,"column":26}},"loc":{"start":{"line":177,"column":45},"end":{"line":181,"column":1}},"line":177},"6":{"name":"(anonymous_6)","decl":{"start":{"line":184,"column":24},"end":{"line":184,"column":25}},"loc":{"start":{"line":184,"column":44},"end":{"line":187,"column":1}},"line":184},"7":{"name":"(anonymous_7)","decl":{"start":{"line":190,"column":46},"end":{"line":190,"column":47}},"loc":{"start":{"line":190,"column":66},"end":{"line":201,"column":1}},"line":190},"8":{"name":"(anonymous_8)","decl":{"start":{"line":204,"column":39},"end":{"line":204,"column":40}},"loc":{"start":{"line":204,"column":59},"end":{"line":232,"column":1}},"line":204},"9":{"name":"(anonymous_9)","decl":{"start":{"line":242,"column":55},"end":{"line":242,"column":56}},"loc":{"start":{"line":242,"column":75},"end":{"line":400,"column":1}},"line":242},"10":{"name":"(anonymous_10)","decl":{"start":{"line":335,"column":47},"end":{"line":335,"column":48}},"loc":{"start":{"line":336,"column":20},"end":{"line":338,"column":50}},"line":336},"11":{"name":"(anonymous_11)","decl":{"start":{"line":349,"column":46},"end":{"line":349,"column":47}},"loc":{"start":{"line":349,"column":55},"end":{"line":349,"column":96}},"line":349},"12":{"name":"(anonymous_12)","decl":{"start":{"line":403,"column":58},"end":{"line":403,"column":59}},"loc":{"start":{"line":403,"column":78},"end":{"line":447,"column":1}},"line":403},"13":{"name":"(anonymous_13)","decl":{"start":{"line":450,"column":49},"end":{"line":450,"column":50}},"loc":{"start":{"line":450,"column":69},"end":{"line":482,"column":1}},"line":450},"14":{"name":"(anonymous_14)","decl":{"start":{"line":485,"column":8},"end":{"line":485,"column":9}},"loc":{"start":{"line":485,"column":22},"end":{"line":505,"column":1}},"line":485},"15":{"name":"(anonymous_15)","decl":{"start":{"line":509,"column":8},"end":{"line":509,"column":9}},"loc":{"start":{"line":509,"column":35},"end":{"line":546,"column":1}},"line":509},"16":{"name":"(anonymous_16)","decl":{"start":{"line":549,"column":25},"end":{"line":549,"column":26}},"loc":{"start":{"line":549,"column":43},"end":{"line":573,"column":1}},"line":549},"17":{"name":"(anonymous_17)","decl":{"start":{"line":554,"column":21},"end":{"line":554,"column":22}},"loc":{"start":{"line":554,"column":27},"end":{"line":556,"column":9}},"line":554},"18":{"name":"(anonymous_18)","decl":{"start":{"line":575,"column":22},"end":{"line":575,"column":23}},"loc":{"start":{"line":575,"column":28},"end":{"line":575,"column":55}},"line":575},"19":{"name":"(anonymous_19)","decl":{"start":{"line":576,"column":21},"end":{"line":576,"column":22}},"loc":{"start":{"line":576,"column":27},"end":{"line":576,"column":53}},"line":576},"20":{"name":"(anonymous_20)","decl":{"start":{"line":579,"column":32},"end":{"line":579,"column":33}},"loc":{"start":{"line":579,"column":43},"end":{"line":585,"column":1}},"line":579},"21":{"name":"(anonymous_21)","decl":{"start":{"line":587,"column":33},"end":{"line":587,"column":34}},"loc":{"start":{"line":587,"column":54},"end":{"line":594,"column":1}},"line":587},"22":{"name":"(anonymous_22)","decl":{"start":{"line":597,"column":20},"end":{"line":597,"column":21}},"loc":{"start":{"line":597,"column":26},"end":{"line":632,"column":1}},"line":597},"23":{"name":"(anonymous_23)","decl":{"start":{"line":620,"column":43},"end":{"line":620,"column":44}},"loc":{"start":{"line":620,"column":52},"end":{"line":622,"column":5}},"line":620},"24":{"name":"(anonymous_24)","decl":{"start":{"line":625,"column":16},"end":{"line":625,"column":17}},"loc":{"start":{"line":625,"column":22},"end":{"line":629,"column":5}},"line":625},"25":{"name":"(anonymous_25)","decl":{"start":{"line":626,"column":47},"end":{"line":626,"column":48}},"loc":{"start":{"line":626,"column":56},"end":{"line":628,"column":9}},"line":626},"26":{"name":"(anonymous_26)","decl":{"start":{"line":635,"column":19},"end":{"line":635,"column":20}},"loc":{"start":{"line":635,"column":30},"end":{"line":642,"column":1}},"line":635}},"branchMap":{"0":{"loc":{"start":{"line":42,"column":13},"end":{"line":42,"column":37}},"type":"binary-expr","locations":[{"start":{"line":42,"column":13},"end":{"line":42,"column":29}},{"start":{"line":42,"column":33},"end":{"line":42,"column":37}}],"line":42},"1":{"loc":{"start":{"line":60,"column":13},"end":{"line":60,"column":47}},"type":"binary-expr","locations":[{"start":{"line":60,"column":13},"end":{"line":60,"column":36}},{"start":{"line":60,"column":40},"end":{"line":60,"column":47}}],"line":60},"2":{"loc":{"start":{"line":61,"column":17},"end":{"line":61,"column":54}},"type":"binary-expr","locations":[{"start":{"line":61,"column":17},"end":{"line":61,"column":37}},{"start":{"line":61,"column":41},"end":{"line":61,"column":54}}],"line":61},"3":{"loc":{"start":{"line":135,"column":27},"end":{"line":135,"column":103}},"type":"cond-expr","locations":[{"start":{"line":135,"column":57},"end":{"line":135,"column":60}},{"start":{"line":135,"column":63},"end":{"line":135,"column":103}}],"line":135},"4":{"loc":{"start":{"line":135,"column":63},"end":{"line":135,"column":103}},"type":"cond-expr","locations":[{"start":{"line":135,"column":94},"end":{"line":135,"column":97}},{"start":{"line":135,"column":100},"end":{"line":135,"column":103}}],"line":135},"5":{"loc":{"start":{"line":154,"column":27},"end":{"line":154,"column":103}},"type":"cond-expr","locations":[{"start":{"line":154,"column":57},"end":{"line":154,"column":60}},{"start":{"line":154,"column":63},"end":{"line":154,"column":103}}],"line":154},"6":{"loc":{"start":{"line":154,"column":63},"end":{"line":154,"column":103}},"type":"cond-expr","locations":[{"start":{"line":154,"column":94},"end":{"line":154,"column":97}},{"start":{"line":154,"column":100},"end":{"line":154,"column":103}}],"line":154},"7":{"loc":{"start":{"line":172,"column":23},"end":{"line":172,"column":62}},"type":"cond-expr","locations":[{"start":{"line":172,"column":53},"end":{"line":172,"column":56}},{"start":{"line":172,"column":59},"end":{"line":172,"column":62}}],"line":172},"8":{"loc":{"start":{"line":179,"column":23},"end":{"line":179,"column":60}},"type":"cond-expr","locations":[{"start":{"line":179,"column":51},"end":{"line":179,"column":54}},{"start":{"line":179,"column":57},"end":{"line":179,"column":60}}],"line":179},"9":{"loc":{"start":{"line":191,"column":27},"end":{"line":191,"column":58}},"type":"binary-expr","locations":[{"start":{"line":191,"column":27},"end":{"line":191,"column":52}},{"start":{"line":191,"column":56},"end":{"line":191,"column":58}}],"line":191},"10":{"loc":{"start":{"line":248,"column":8},"end":{"line":272,"column":9}},"type":"if","locations":[{"start":{"line":248,"column":8},"end":{"line":272,"column":9}},{"start":{},"end":{}}],"line":248},"11":{"loc":{"start":{"line":256,"column":16},"end":{"line":262,"column":17}},"type":"if","locations":[{"start":{"line":256,"column":16},"end":{"line":262,"column":17}},{"start":{},"end":{}}],"line":256},"12":{"loc":{"start":{"line":327,"column":30},"end":{"line":327,"column":67}},"type":"binary-expr","locations":[{"start":{"line":327,"column":30},"end":{"line":327,"column":52}},{"start":{"line":327,"column":56},"end":{"line":327,"column":67}}],"line":327},"13":{"loc":{"start":{"line":336,"column":20},"end":{"line":338,"column":50}},"type":"binary-expr","locations":[{"start":{"line":336,"column":20},"end":{"line":336,"column":37}},{"start":{"line":337,"column":20},"end":{"line":337,"column":55}},{"start":{"line":338,"column":20},"end":{"line":338,"column":50}}],"line":336},"14":{"loc":{"start":{"line":359,"column":12},"end":{"line":366,"column":13}},"type":"if","locations":[{"start":{"line":359,"column":12},"end":{"line":366,"column":13}},{"start":{},"end":{}}],"line":359},"15":{"loc":{"start":{"line":359,"column":16},"end":{"line":359,"column":52}},"type":"binary-expr","locations":[{"start":{"line":359,"column":16},"end":{"line":359,"column":35}},{"start":{"line":359,"column":39},"end":{"line":359,"column":52}}],"line":359},"16":{"loc":{"start":{"line":360,"column":33},"end":{"line":360,"column":69}},"type":"binary-expr","locations":[{"start":{"line":360,"column":33},"end":{"line":360,"column":52}},{"start":{"line":360,"column":56},"end":{"line":360,"column":69}}],"line":360},"17":{"loc":{"start":{"line":375,"column":32},"end":{"line":375,"column":71}},"type":"cond-expr","locations":[{"start":{"line":375,"column":59},"end":{"line":375,"column":63}},{"start":{"line":375,"column":66},"end":{"line":375,"column":71}}],"line":375},"18":{"loc":{"start":{"line":405,"column":16},"end":{"line":405,"column":33}},"type":"default-arg","locations":[{"start":{"line":405,"column":28},"end":{"line":405,"column":33}}],"line":405},"19":{"loc":{"start":{"line":408,"column":8},"end":{"line":408,"column":87}},"type":"if","locations":[{"start":{"line":408,"column":8},"end":{"line":408,"column":87}},{"start":{},"end":{}}],"line":408},"20":{"loc":{"start":{"line":409,"column":8},"end":{"line":409,"column":86}},"type":"if","locations":[{"start":{"line":409,"column":8},"end":{"line":409,"column":86}},{"start":{},"end":{}}],"line":409},"21":{"loc":{"start":{"line":430,"column":42},"end":{"line":430,"column":83}},"type":"binary-expr","locations":[{"start":{"line":430,"column":42},"end":{"line":430,"column":78}},{"start":{"line":430,"column":82},"end":{"line":430,"column":83}}],"line":430},"22":{"loc":{"start":{"line":431,"column":38},"end":{"line":431,"column":75}},"type":"binary-expr","locations":[{"start":{"line":431,"column":38},"end":{"line":431,"column":70}},{"start":{"line":431,"column":74},"end":{"line":431,"column":75}}],"line":431},"23":{"loc":{"start":{"line":432,"column":36},"end":{"line":432,"column":71}},"type":"binary-expr","locations":[{"start":{"line":432,"column":36},"end":{"line":432,"column":66}},{"start":{"line":432,"column":70},"end":{"line":432,"column":71}}],"line":432},"24":{"loc":{"start":{"line":433,"column":38},"end":{"line":433,"column":75}},"type":"binary-expr","locations":[{"start":{"line":433,"column":38},"end":{"line":433,"column":70}},{"start":{"line":433,"column":74},"end":{"line":433,"column":75}}],"line":433},"25":{"loc":{"start":{"line":434,"column":40},"end":{"line":434,"column":77}},"type":"binary-expr","locations":[{"start":{"line":434,"column":40},"end":{"line":434,"column":72}},{"start":{"line":434,"column":76},"end":{"line":434,"column":77}}],"line":434},"26":{"loc":{"start":{"line":464,"column":8},"end":{"line":470,"column":9}},"type":"if","locations":[{"start":{"line":464,"column":8},"end":{"line":470,"column":9}},{"start":{},"end":{}}],"line":464},"27":{"loc":{"start":{"line":464,"column":12},"end":{"line":464,"column":86}},"type":"binary-expr","locations":[{"start":{"line":464,"column":12},"end":{"line":464,"column":40}},{"start":{"line":464,"column":44},"end":{"line":464,"column":86}}],"line":464},"28":{"loc":{"start":{"line":513,"column":4},"end":{"line":520,"column":5}},"type":"if","locations":[{"start":{"line":513,"column":4},"end":{"line":520,"column":5}},{"start":{},"end":{}}],"line":513},"29":{"loc":{"start":{"line":517,"column":45},"end":{"line":517,"column":80}},"type":"binary-expr","locations":[{"start":{"line":517,"column":45},"end":{"line":517,"column":70}},{"start":{"line":517,"column":74},"end":{"line":517,"column":80}}],"line":517},"30":{"loc":{"start":{"line":522,"column":4},"end":{"line":528,"column":5}},"type":"if","locations":[{"start":{"line":522,"column":4},"end":{"line":528,"column":5}},{"start":{},"end":{}}],"line":522},"31":{"loc":{"start":{"line":531,"column":4},"end":{"line":537,"column":5}},"type":"if","locations":[{"start":{"line":531,"column":4},"end":{"line":537,"column":5}},{"start":{},"end":{}}],"line":531},"32":{"loc":{"start":{"line":589,"column":16},"end":{"line":589,"column":65}},"type":"cond-expr","locations":[{"start":{"line":589,"column":42},"end":{"line":589,"column":56}},{"start":{"line":589,"column":59},"end":{"line":589,"column":65}}],"line":589},"33":{"loc":{"start":{"line":590,"column":15},"end":{"line":590,"column":65}},"type":"cond-expr","locations":[{"start":{"line":590,"column":41},"end":{"line":590,"column":53}},{"start":{"line":590,"column":56},"end":{"line":590,"column":65}}],"line":590},"34":{"loc":{"start":{"line":600,"column":21},"end":{"line":600,"column":58}},"type":"binary-expr","locations":[{"start":{"line":600,"column":21},"end":{"line":600,"column":41}},{"start":{"line":600,"column":45},"end":{"line":600,"column":58}}],"line":600},"35":{"loc":{"start":{"line":601,"column":17},"end":{"line":601,"column":51}},"type":"binary-expr","locations":[{"start":{"line":601,"column":17},"end":{"line":601,"column":40}},{"start":{"line":601,"column":44},"end":{"line":601,"column":51}}],"line":601},"36":{"loc":{"start":{"line":611,"column":20},"end":{"line":611,"column":71}},"type":"binary-expr","locations":[{"start":{"line":611,"column":20},"end":{"line":611,"column":62}},{"start":{"line":611,"column":66},"end":{"line":611,"column":71}}],"line":611},"37":{"loc":{"start":{"line":636,"column":4},"end":{"line":640,"column":5}},"type":"if","locations":[{"start":{"line":636,"column":4},"end":{"line":640,"column":5}},{"start":{"line":638,"column":11},"end":{"line":640,"column":5}}],"line":636}},"s":{"0":1,"1":1,"2":1,"3":1,"4":1,"5":1,"6":1,"7":1,"8":1,"9":1,"10":1,"11":0,"12":0,"13":0,"14":0,"15":0,"16":0,"17":0,"18":0,"19":0,"20":0,"21":0,"22":0,"23":0,"24":0,"25":0,"26":0,"27":0,"28":0,"29":0,"30":0,"31":0,"32":0,"33":0,"34":0,"35":0,"36":0,"37":0,"38":0,"39":0,"40":0,"41":0,"42":0,"43":0,"44":0,"45":0,"46":0,"47":0,"48":0,"49":0,"50":0,"51":0,"52":0,"53":0,"54":0,"55":0,"56":0,"57":0,"58":0,"59":0,"60":0,"61":0,"62":0,"63":0,"64":0,"65":0,"66":0,"67":0,"68":0,"69":0,"70":0,"71":0,"72":0,"73":0,"74":0,"75":0,"76":0,"77":0,"78":0,"79":0,"80":0,"81":0,"82":0,"83":0,"84":0,"85":0,"86":0,"87":0,"88":0,"89":0,"90":0,"91":0,"92":0,"93":0,"94":0,"95":0,"96":0,"97":0,"98":0,"99":0,"100":0,"101":0,"102":0,"103":0,"104":0,"105":0,"106":0,"107":0,"108":0,"109":0,"110":0,"111":0,"112":0,"113":0,"114":0,"115":0,"116":0,"117":0,"118":0,"119":0,"120":0,"121":0,"122":0,"123":0,"124":0,"125":0,"126":0,"127":0,"128":0,"129":0,"130":0,"131":0,"132":0,"133":0,"134":0,"135":0,"136":0,"137":0,"138":0,"139":0,"140":0,"141":0,"142":0,"143":0,"144":0,"145":0,"146":0,"147":0,"148":0,"149":0,"150":0,"151":0,"152":0,"153":0,"154":0,"155":0,"156":0,"157":0,"158":0,"159":0,"160":0,"161":0,"162":0,"163":0,"164":0,"165":0,"166":0,"167":0,"168":0,"169":0,"170":0,"171":0,"172":0,"173":0,"174":0,"175":0,"176":0,"177":0,"178":0,"179":0,"180":0,"181":0,"182":0,"183":0,"184":0,"185":0,"186":0,"187":0,"188":0,"189":0,"190":0,"191":0,"192":0,"193":0,"194":0,"195":0,"196":0,"197":0,"198":0,"199":0,"200":0,"201":0,"202":0,"203":0,"204":0,"205":0,"206":0,"207":0,"208":0,"209":0,"210":0,"211":0,"212":0,"213":0,"214":0,"215":0,"216":0,"217":0,"218":0,"219":0,"220":0},"f":{"0":0,"1":0,"2":0,"3":0,"4":0,"5":0,"6":0,"7":0,"8":0,"9":0,"10":0,"11":0,"12":0,"13":0,"14":0,"15":0,"16":0,"17":0,"18":0,"19":0,"20":0,"21":0,"22":0,"23":0,"24":0,"25":0,"26":0},"b":{"0":[0,0],"1":[0,0],"2":[0,0],"3":[0,0],"4":[0,0],"5":[0,0],"6":[0,0],"7":[0,0],"8":[0,0],"9":[0,0],"10":[0,0],"11":[0,0],"12":[0,0],"13":[0,0,0],"14":[0,0],"15":[0,0],"16":[0,0],"17":[0,0],"18":[0],"19":[0,0],"20":[0,0],"21":[0,0],"22":[0,0],"23":[0,0],"24":[0,0],"25":[0,0],"26":[0,0],"27":[0,0],"28":[0,0],"29":[0,0],"30":[0,0],"31":[0,0],"32":[0,0],"33":[0,0],"34":[0,0],"35":[0,0],"36":[0,0],"37":[0,0]},"_coverageSchema":"1a1c01bbd47fc00a2c39e90264f33305004495a9","hash":"4f893ef5bfd6b0286aa433413d04b8e2ceb99b22"}
,"/Users/macbookairm1/Flirrt-screens-shots-v1/FlirrtAI/Backend/middleware/auth.js": {"path":"/Users/macbookairm1/Flirrt-screens-shots-v1/FlirrtAI/Backend/middleware/auth.js","statementMap":{"0":{"start":{"line":1,"column":12},"end":{"line":1,"column":35}},"1":{"start":{"line":2,"column":18},"end":{"line":2,"column":47}},"2":{"start":{"line":3,"column":17},"end":{"line":3,"column":30}},"3":{"start":{"line":4,"column":19},"end":{"line":4,"column":48}},"4":{"start":{"line":5,"column":21},"end":{"line":5,"column":49}},"5":{"start":{"line":6,"column":25},"end":{"line":6,"column":64}},"6":{"start":{"line":9,"column":13},"end":{"line":15,"column":2}},"7":{"start":{"line":22,"column":26},"end":{"line":176,"column":1}},"8":{"start":{"line":23,"column":4},"end":{"line":175,"column":5}},"9":{"start":{"line":24,"column":27},"end":{"line":24,"column":55}},"10":{"start":{"line":25,"column":22},"end":{"line":25,"column":60}},"11":{"start":{"line":26,"column":36},"end":{"line":26,"column":82}},"12":{"start":{"line":29,"column":8},"end":{"line":47,"column":9}},"13":{"start":{"line":30,"column":12},"end":{"line":37,"column":14}},"14":{"start":{"line":39,"column":12},"end":{"line":44,"column":15}},"15":{"start":{"line":46,"column":12},"end":{"line":46,"column":26}},"16":{"start":{"line":49,"column":8},"end":{"line":55,"column":9}},"17":{"start":{"line":50,"column":12},"end":{"line":54,"column":15}},"18":{"start":{"line":58,"column":8},"end":{"line":73,"column":9}},"19":{"start":{"line":59,"column":12},"end":{"line":65,"column":14}},"20":{"start":{"line":67,"column":12},"end":{"line":70,"column":15}},"21":{"start":{"line":72,"column":12},"end":{"line":72,"column":26}},"22":{"start":{"line":76,"column":24},"end":{"line":76,"column":65}},"23":{"start":{"line":78,"column":8},"end":{"line":82,"column":11}},"24":{"start":{"line":85,"column":29},"end":{"line":90,"column":9}},"25":{"start":{"line":92,"column":26},"end":{"line":95,"column":26}},"26":{"start":{"line":97,"column":30},"end":{"line":97,"column":73}},"27":{"start":{"line":99,"column":8},"end":{"line":111,"column":9}},"28":{"start":{"line":100,"column":12},"end":{"line":103,"column":15}},"29":{"start":{"line":105,"column":12},"end":{"line":110,"column":15}},"30":{"start":{"line":113,"column":24},"end":{"line":113,"column":45}},"31":{"start":{"line":116,"column":8},"end":{"line":122,"column":9}},"32":{"start":{"line":117,"column":12},"end":{"line":121,"column":15}},"33":{"start":{"line":125,"column":8},"end":{"line":128,"column":10}},"34":{"start":{"line":131,"column":8},"end":{"line":137,"column":10}},"35":{"start":{"line":139,"column":8},"end":{"line":144,"column":11}},"36":{"start":{"line":146,"column":8},"end":{"line":146,"column":15}},"37":{"start":{"line":148,"column":8},"end":{"line":151,"column":11}},"38":{"start":{"line":153,"column":8},"end":{"line":159,"column":9}},"39":{"start":{"line":154,"column":12},"end":{"line":158,"column":15}},"40":{"start":{"line":161,"column":8},"end":{"line":167,"column":9}},"41":{"start":{"line":162,"column":12},"end":{"line":166,"column":15}},"42":{"start":{"line":169,"column":8},"end":{"line":174,"column":11}},"43":{"start":{"line":182,"column":21},"end":{"line":234,"column":1}},"44":{"start":{"line":183,"column":4},"end":{"line":233,"column":5}},"45":{"start":{"line":184,"column":27},"end":{"line":184,"column":55}},"46":{"start":{"line":185,"column":22},"end":{"line":185,"column":60}},"47":{"start":{"line":187,"column":8},"end":{"line":190,"column":9}},"48":{"start":{"line":188,"column":12},"end":{"line":188,"column":28}},"49":{"start":{"line":189,"column":12},"end":{"line":189,"column":26}},"50":{"start":{"line":193,"column":24},"end":{"line":193,"column":65}},"51":{"start":{"line":195,"column":29},"end":{"line":200,"column":9}},"52":{"start":{"line":202,"column":26},"end":{"line":205,"column":26}},"53":{"start":{"line":207,"column":30},"end":{"line":207,"column":73}},"54":{"start":{"line":209,"column":8},"end":{"line":226,"column":9}},"55":{"start":{"line":210,"column":28},"end":{"line":210,"column":49}},"56":{"start":{"line":213,"column":12},"end":{"line":216,"column":14}},"57":{"start":{"line":218,"column":12},"end":{"line":223,"column":14}},"58":{"start":{"line":225,"column":12},"end":{"line":225,"column":28}},"59":{"start":{"line":228,"column":8},"end":{"line":228,"column":15}},"60":{"start":{"line":231,"column":8},"end":{"line":231,"column":24}},"61":{"start":{"line":232,"column":8},"end":{"line":232,"column":15}},"62":{"start":{"line":240,"column":21},"end":{"line":278,"column":1}},"63":{"start":{"line":241,"column":4},"end":{"line":277,"column":5}},"64":{"start":{"line":242,"column":8},"end":{"line":248,"column":9}},"65":{"start":{"line":243,"column":12},"end":{"line":247,"column":15}},"66":{"start":{"line":251,"column":27},"end":{"line":256,"column":9}},"67":{"start":{"line":258,"column":28},"end":{"line":258,"column":71}},"68":{"start":{"line":260,"column":8},"end":{"line":266,"column":9}},"69":{"start":{"line":261,"column":12},"end":{"line":265,"column":15}},"70":{"start":{"line":268,"column":8},"end":{"line":268,"column":49}},"71":{"start":{"line":269,"column":8},"end":{"line":269,"column":15}},"72":{"start":{"line":271,"column":8},"end":{"line":271,"column":50}},"73":{"start":{"line":272,"column":8},"end":{"line":276,"column":11}},"74":{"start":{"line":284,"column":24},"end":{"line":358,"column":1}},"75":{"start":{"line":286,"column":26},"end":{"line":330,"column":5}},"76":{"start":{"line":294,"column":12},"end":{"line":296,"column":13}},"77":{"start":{"line":295,"column":16},"end":{"line":295,"column":45}},"78":{"start":{"line":298,"column":12},"end":{"line":298,"column":54}},"79":{"start":{"line":301,"column":31},"end":{"line":301,"column":62}},"80":{"start":{"line":302,"column":30},"end":{"line":302,"column":61}},"81":{"start":{"line":304,"column":12},"end":{"line":310,"column":15}},"82":{"start":{"line":313,"column":12},"end":{"line":319,"column":13}},"83":{"start":{"line":314,"column":16},"end":{"line":318,"column":18}},"84":{"start":{"line":321,"column":12},"end":{"line":328,"column":15}},"85":{"start":{"line":333,"column":4},"end":{"line":355,"column":5}},"86":{"start":{"line":334,"column":8},"end":{"line":350,"column":9}},"87":{"start":{"line":335,"column":31},"end":{"line":335,"column":58}},"88":{"start":{"line":336,"column":12},"end":{"line":339,"column":15}},"89":{"start":{"line":341,"column":12},"end":{"line":344,"column":15}},"90":{"start":{"line":346,"column":12},"end":{"line":349,"column":15}},"91":{"start":{"line":352,"column":8},"end":{"line":354,"column":11}},"92":{"start":{"line":357,"column":4},"end":{"line":357,"column":36}},"93":{"start":{"line":363,"column":24},"end":{"line":365,"column":1}},"94":{"start":{"line":364,"column":4},"end":{"line":364,"column":50}},"95":{"start":{"line":367,"column":0},"end":{"line":374,"column":2}}},"fnMap":{"0":{"name":"(anonymous_0)","decl":{"start":{"line":22,"column":26},"end":{"line":22,"column":27}},"loc":{"start":{"line":22,"column":52},"end":{"line":176,"column":1}},"line":22},"1":{"name":"(anonymous_1)","decl":{"start":{"line":182,"column":21},"end":{"line":182,"column":22}},"loc":{"start":{"line":182,"column":47},"end":{"line":234,"column":1}},"line":182},"2":{"name":"(anonymous_2)","decl":{"start":{"line":240,"column":21},"end":{"line":240,"column":22}},"loc":{"start":{"line":240,"column":47},"end":{"line":278,"column":1}},"line":240},"3":{"name":"(anonymous_3)","decl":{"start":{"line":284,"column":24},"end":{"line":284,"column":25}},"loc":{"start":{"line":284,"column":106},"end":{"line":358,"column":1}},"line":284},"4":{"name":"(anonymous_4)","decl":{"start":{"line":292,"column":22},"end":{"line":292,"column":23}},"loc":{"start":{"line":292,"column":36},"end":{"line":299,"column":9}},"line":292},"5":{"name":"(anonymous_5)","decl":{"start":{"line":300,"column":17},"end":{"line":300,"column":18}},"loc":{"start":{"line":300,"column":31},"end":{"line":329,"column":9}},"line":300},"6":{"name":"(anonymous_6)","decl":{"start":{"line":363,"column":24},"end":{"line":363,"column":25}},"loc":{"start":{"line":363,"column":74},"end":{"line":365,"column":1}},"line":363}},"branchMap":{"0":{"loc":{"start":{"line":25,"column":22},"end":{"line":25,"column":60}},"type":"binary-expr","locations":[{"start":{"line":25,"column":22},"end":{"line":25,"column":32}},{"start":{"line":25,"column":36},"end":{"line":25,"column":60}}],"line":25},"1":{"loc":{"start":{"line":29,"column":8},"end":{"line":47,"column":9}},"type":"if","locations":[{"start":{"line":29,"column":8},"end":{"line":47,"column":9}},{"start":{},"end":{}}],"line":29},"2":{"loc":{"start":{"line":49,"column":8},"end":{"line":55,"column":9}},"type":"if","locations":[{"start":{"line":49,"column":8},"end":{"line":55,"column":9}},{"start":{},"end":{}}],"line":49},"3":{"loc":{"start":{"line":58,"column":8},"end":{"line":73,"column":9}},"type":"if","locations":[{"start":{"line":58,"column":8},"end":{"line":73,"column":9}},{"start":{},"end":{}}],"line":58},"4":{"loc":{"start":{"line":99,"column":8},"end":{"line":111,"column":9}},"type":"if","locations":[{"start":{"line":99,"column":8},"end":{"line":111,"column":9}},{"start":{},"end":{}}],"line":99},"5":{"loc":{"start":{"line":116,"column":8},"end":{"line":122,"column":9}},"type":"if","locations":[{"start":{"line":116,"column":8},"end":{"line":122,"column":9}},{"start":{},"end":{}}],"line":116},"6":{"loc":{"start":{"line":136,"column":18},"end":{"line":136,"column":40}},"type":"binary-expr","locations":[{"start":{"line":136,"column":18},"end":{"line":136,"column":30}},{"start":{"line":136,"column":34},"end":{"line":136,"column":40}}],"line":136},"7":{"loc":{"start":{"line":153,"column":8},"end":{"line":159,"column":9}},"type":"if","locations":[{"start":{"line":153,"column":8},"end":{"line":159,"column":9}},{"start":{},"end":{}}],"line":153},"8":{"loc":{"start":{"line":161,"column":8},"end":{"line":167,"column":9}},"type":"if","locations":[{"start":{"line":161,"column":8},"end":{"line":167,"column":9}},{"start":{},"end":{}}],"line":161},"9":{"loc":{"start":{"line":185,"column":22},"end":{"line":185,"column":60}},"type":"binary-expr","locations":[{"start":{"line":185,"column":22},"end":{"line":185,"column":32}},{"start":{"line":185,"column":36},"end":{"line":185,"column":60}}],"line":185},"10":{"loc":{"start":{"line":187,"column":8},"end":{"line":190,"column":9}},"type":"if","locations":[{"start":{"line":187,"column":8},"end":{"line":190,"column":9}},{"start":{},"end":{}}],"line":187},"11":{"loc":{"start":{"line":209,"column":8},"end":{"line":226,"column":9}},"type":"if","locations":[{"start":{"line":209,"column":8},"end":{"line":226,"column":9}},{"start":{"line":224,"column":15},"end":{"line":226,"column":9}}],"line":209},"12":{"loc":{"start":{"line":209,"column":12},"end":{"line":209,"column":76}},"type":"binary-expr","locations":[{"start":{"line":209,"column":12},"end":{"line":209,"column":41}},{"start":{"line":209,"column":45},"end":{"line":209,"column":76}}],"line":209},"13":{"loc":{"start":{"line":242,"column":8},"end":{"line":248,"column":9}},"type":"if","locations":[{"start":{"line":242,"column":8},"end":{"line":248,"column":9}},{"start":{},"end":{}}],"line":242},"14":{"loc":{"start":{"line":260,"column":8},"end":{"line":266,"column":9}},"type":"if","locations":[{"start":{"line":260,"column":8},"end":{"line":266,"column":9}},{"start":{},"end":{}}],"line":260},"15":{"loc":{"start":{"line":284,"column":25},"end":{"line":284,"column":42}},"type":"default-arg","locations":[{"start":{"line":284,"column":39},"end":{"line":284,"column":42}}],"line":284},"16":{"loc":{"start":{"line":284,"column":44},"end":{"line":284,"column":69}},"type":"default-arg","locations":[{"start":{"line":284,"column":55},"end":{"line":284,"column":69}}],"line":284},"17":{"loc":{"start":{"line":284,"column":71},"end":{"line":284,"column":101}},"type":"default-arg","locations":[{"start":{"line":284,"column":96},"end":{"line":284,"column":101}}],"line":284},"18":{"loc":{"start":{"line":294,"column":12},"end":{"line":296,"column":13}},"type":"if","locations":[{"start":{"line":294,"column":12},"end":{"line":296,"column":13}},{"start":{},"end":{}}],"line":294},"19":{"loc":{"start":{"line":301,"column":31},"end":{"line":301,"column":62}},"type":"cond-expr","locations":[{"start":{"line":301,"column":42},"end":{"line":301,"column":53}},{"start":{"line":301,"column":56},"end":{"line":301,"column":62}}],"line":301},"20":{"loc":{"start":{"line":313,"column":12},"end":{"line":319,"column":13}},"type":"if","locations":[{"start":{"line":313,"column":12},"end":{"line":319,"column":13}},{"start":{},"end":{}}],"line":313},"21":{"loc":{"start":{"line":334,"column":8},"end":{"line":350,"column":9}},"type":"if","locations":[{"start":{"line":334,"column":8},"end":{"line":350,"column":9}},{"start":{"line":345,"column":15},"end":{"line":350,"column":9}}],"line":334},"22":{"loc":{"start":{"line":363,"column":25},"end":{"line":363,"column":42}},"type":"default-arg","locations":[{"start":{"line":363,"column":39},"end":{"line":363,"column":42}}],"line":363},"23":{"loc":{"start":{"line":363,"column":44},"end":{"line":363,"column":69}},"type":"default-arg","locations":[{"start":{"line":363,"column":55},"end":{"line":363,"column":69}}],"line":363}},"s":{"0":0,"1":0,"2":0,"3":0,"4":0,"5":0,"6":0,"7":0,"8":0,"9":0,"10":0,"11":0,"12":0,"13":0,"14":0,"15":0,"16":0,"17":0,"18":0,"19":0,"20":0,"21":0,"22":0,"23":0,"24":0,"25":0,"26":0,"27":0,"28":0,"29":0,"30":0,"31":0,"32":0,"33":0,"34":0,"35":0,"36":0,"37":0,"38":0,"39":0,"40":0,"41":0,"42":0,"43":0,"44":0,"45":0,"46":0,"47":0,"48":0,"49":0,"50":0,"51":0,"52":0,"53":0,"54":0,"55":0,"56":0,"57":0,"58":0,"59":0,"60":0,"61":0,"62":0,"63":0,"64":0,"65":0,"66":0,"67":0,"68":0,"69":0,"70":0,"71":0,"72":0,"73":0,"74":0,"75":0,"76":0,"77":0,"78":0,"79":0,"80":0,"81":0,"82":0,"83":0,"84":0,"85":0,"86":0,"87":0,"88":0,"89":0,"90":0,"91":0,"92":0,"93":0,"94":0,"95":0},"f":{"0":0,"1":0,"2":0,"3":0,"4":0,"5":0,"6":0},"b":{"0":[0,0],"1":[0,0],"2":[0,0],"3":[0,0],"4":[0,0],"5":[0,0],"6":[0,0],"7":[0,0],"8":[0,0],"9":[0,0],"10":[0,0],"11":[0,0],"12":[0,0],"13":[0,0],"14":[0,0],"15":[0],"16":[0],"17":[0],"18":[0,0],"19":[0,0],"20":[0,0],"21":[0,0],"22":[0],"23":[0]}}
,"/Users/macbookairm1/Flirrt-screens-shots-v1/FlirrtAI/Backend/middleware/correlationId.js": {"path":"/Users/macbookairm1/Flirrt-screens-shots-v1/FlirrtAI/Backend/middleware/correlationId.js","statementMap":{"0":{"start":{"line":1,"column":23},"end":{"line":1,"column":38}},"1":{"start":{"line":2,"column":19},"end":{"line":2,"column":48}},"2":{"start":{"line":8,"column":32},"end":{"line":78,"column":1}},"3":{"start":{"line":10,"column":26},"end":{"line":12,"column":33}},"4":{"start":{"line":15,"column":4},"end":{"line":15,"column":38}},"5":{"start":{"line":18,"column":4},"end":{"line":18,"column":53}},"6":{"start":{"line":21,"column":4},"end":{"line":27,"column":6}},"7":{"start":{"line":22,"column":39},"end":{"line":22,"column":81}},"8":{"start":{"line":23,"column":38},"end":{"line":23,"column":79}},"9":{"start":{"line":24,"column":38},"end":{"line":24,"column":79}},"10":{"start":{"line":25,"column":39},"end":{"line":25,"column":81}},"11":{"start":{"line":26,"column":30},"end":{"line":26,"column":68}},"12":{"start":{"line":30,"column":4},"end":{"line":36,"column":7}},"13":{"start":{"line":39,"column":4},"end":{"line":39,"column":31}},"14":{"start":{"line":42,"column":25},"end":{"line":42,"column":33}},"15":{"start":{"line":43,"column":4},"end":{"line":56,"column":6}},"16":{"start":{"line":44,"column":25},"end":{"line":44,"column":51}},"17":{"start":{"line":46,"column":8},"end":{"line":53,"column":11}},"18":{"start":{"line":55,"column":8},"end":{"line":55,"column":45}},"19":{"start":{"line":59,"column":24},"end":{"line":59,"column":31}},"20":{"start":{"line":60,"column":4},"end":{"line":75,"column":6}},"21":{"start":{"line":61,"column":8},"end":{"line":72,"column":9}},"22":{"start":{"line":62,"column":29},"end":{"line":62,"column":55}},"23":{"start":{"line":64,"column":12},"end":{"line":71,"column":15}},"24":{"start":{"line":74,"column":8},"end":{"line":74,"column":55}},"25":{"start":{"line":77,"column":4},"end":{"line":77,"column":11}},"26":{"start":{"line":84,"column":35},"end":{"line":115,"column":1}},"27":{"start":{"line":85,"column":26},"end":{"line":85,"column":55}},"28":{"start":{"line":88,"column":4},"end":{"line":90,"column":5}},"29":{"start":{"line":89,"column":8},"end":{"line":89,"column":57}},"30":{"start":{"line":93,"column":24},"end":{"line":95,"column":5}},"31":{"start":{"line":94,"column":39},"end":{"line":94,"column":81}},"32":{"start":{"line":97,"column":21},"end":{"line":97,"column":70}},"33":{"start":{"line":99,"column":4},"end":{"line":107,"column":7}},"34":{"start":{"line":110,"column":4},"end":{"line":112,"column":5}},"35":{"start":{"line":111,"column":8},"end":{"line":111,"column":44}},"36":{"start":{"line":114,"column":4},"end":{"line":114,"column":16}},"37":{"start":{"line":121,"column":32},"end":{"line":162,"column":1}},"38":{"start":{"line":123,"column":4},"end":{"line":125,"column":5}},"39":{"start":{"line":124,"column":8},"end":{"line":124,"column":22}},"40":{"start":{"line":127,"column":22},"end":{"line":127,"column":32}},"41":{"start":{"line":130,"column":4},"end":{"line":144,"column":7}},"42":{"start":{"line":147,"column":4},"end":{"line":159,"column":7}},"43":{"start":{"line":148,"column":25},"end":{"line":148,"column":47}},"44":{"start":{"line":149,"column":22},"end":{"line":149,"column":61}},"45":{"start":{"line":151,"column":8},"end":{"line":158,"column":11}},"46":{"start":{"line":161,"column":4},"end":{"line":161,"column":11}},"47":{"start":{"line":168,"column":25},"end":{"line":207,"column":1}},"48":{"start":{"line":170,"column":4},"end":{"line":204,"column":6}},"49":{"start":{"line":171,"column":22},"end":{"line":171,"column":56}},"50":{"start":{"line":173,"column":8},"end":{"line":203,"column":9}},"51":{"start":{"line":174,"column":27},"end":{"line":174,"column":58}},"52":{"start":{"line":176,"column":12},"end":{"line":180,"column":15}},"53":{"start":{"line":182,"column":12},"end":{"line":187,"column":15}},"54":{"start":{"line":189,"column":12},"end":{"line":189,"column":26}},"55":{"start":{"line":191,"column":12},"end":{"line":194,"column":15}},"56":{"start":{"line":196,"column":12},"end":{"line":200,"column":15}},"57":{"start":{"line":202,"column":12},"end":{"line":202,"column":24}},"58":{"start":{"line":206,"column":4},"end":{"line":206,"column":11}},"59":{"start":{"line":213,"column":26},"end":{"line":253,"column":1}},"60":{"start":{"line":215,"column":4},"end":{"line":250,"column":6}},"61":{"start":{"line":216,"column":22},"end":{"line":216,"column":65}},"62":{"start":{"line":218,"column":8},"end":{"line":249,"column":9}},"63":{"start":{"line":219,"column":12},"end":{"line":222,"column":15}},"64":{"start":{"line":224,"column":27},"end":{"line":224,"column":46}},"65":{"start":{"line":226,"column":12},"end":{"line":232,"column":15}},"66":{"start":{"line":234,"column":12},"end":{"line":234,"column":26}},"67":{"start":{"line":236,"column":12},"end":{"line":239,"column":15}},"68":{"start":{"line":241,"column":12},"end":{"line":246,"column":15}},"69":{"start":{"line":248,"column":12},"end":{"line":248,"column":24}},"70":{"start":{"line":252,"column":4},"end":{"line":252,"column":11}},"71":{"start":{"line":259,"column":25},"end":{"line":273,"column":1}},"72":{"start":{"line":260,"column":4},"end":{"line":272,"column":6}},"73":{"start":{"line":261,"column":8},"end":{"line":270,"column":9}},"74":{"start":{"line":262,"column":12},"end":{"line":269,"column":15}},"75":{"start":{"line":271,"column":8},"end":{"line":271,"column":15}},"76":{"start":{"line":279,"column":24},"end":{"line":296,"column":1}},"77":{"start":{"line":280,"column":27},"end":{"line":280,"column":37}},"78":{"start":{"line":282,"column":4},"end":{"line":293,"column":6}},"79":{"start":{"line":283,"column":8},"end":{"line":291,"column":9}},"80":{"start":{"line":284,"column":12},"end":{"line":290,"column":15}},"81":{"start":{"line":292,"column":8},"end":{"line":292,"column":47}},"82":{"start":{"line":295,"column":4},"end":{"line":295,"column":11}},"83":{"start":{"line":298,"column":0},"end":{"line":306,"column":2}}},"fnMap":{"0":{"name":"(anonymous_0)","decl":{"start":{"line":8,"column":32},"end":{"line":8,"column":33}},"loc":{"start":{"line":8,"column":52},"end":{"line":78,"column":1}},"line":8},"1":{"name":"(anonymous_1)","decl":{"start":{"line":22,"column":15},"end":{"line":22,"column":16}},"loc":{"start":{"line":22,"column":39},"end":{"line":22,"column":81}},"line":22},"2":{"name":"(anonymous_2)","decl":{"start":{"line":23,"column":14},"end":{"line":23,"column":15}},"loc":{"start":{"line":23,"column":38},"end":{"line":23,"column":79}},"line":23},"3":{"name":"(anonymous_3)","decl":{"start":{"line":24,"column":14},"end":{"line":24,"column":15}},"loc":{"start":{"line":24,"column":38},"end":{"line":24,"column":79}},"line":24},"4":{"name":"(anonymous_4)","decl":{"start":{"line":25,"column":15},"end":{"line":25,"column":16}},"loc":{"start":{"line":25,"column":39},"end":{"line":25,"column":81}},"line":25},"5":{"name":"(anonymous_5)","decl":{"start":{"line":26,"column":15},"end":{"line":26,"column":16}},"loc":{"start":{"line":26,"column":30},"end":{"line":26,"column":68}},"line":26},"6":{"name":"(anonymous_6)","decl":{"start":{"line":43,"column":15},"end":{"line":43,"column":16}},"loc":{"start":{"line":43,"column":30},"end":{"line":56,"column":5}},"line":43},"7":{"name":"(anonymous_7)","decl":{"start":{"line":60,"column":14},"end":{"line":60,"column":15}},"loc":{"start":{"line":60,"column":40},"end":{"line":75,"column":5}},"line":60},"8":{"name":"(anonymous_8)","decl":{"start":{"line":84,"column":35},"end":{"line":84,"column":36}},"loc":{"start":{"line":84,"column":62},"end":{"line":115,"column":1}},"line":84},"9":{"name":"(anonymous_9)","decl":{"start":{"line":94,"column":15},"end":{"line":94,"column":16}},"loc":{"start":{"line":94,"column":39},"end":{"line":94,"column":81}},"line":94},"10":{"name":"(anonymous_10)","decl":{"start":{"line":121,"column":32},"end":{"line":121,"column":33}},"loc":{"start":{"line":121,"column":52},"end":{"line":162,"column":1}},"line":121},"11":{"name":"(anonymous_11)","decl":{"start":{"line":147,"column":21},"end":{"line":147,"column":22}},"loc":{"start":{"line":147,"column":27},"end":{"line":159,"column":5}},"line":147},"12":{"name":"(anonymous_12)","decl":{"start":{"line":168,"column":25},"end":{"line":168,"column":26}},"loc":{"start":{"line":168,"column":45},"end":{"line":207,"column":1}},"line":168},"13":{"name":"(anonymous_13)","decl":{"start":{"line":170,"column":18},"end":{"line":170,"column":19}},"loc":{"start":{"line":170,"column":54},"end":{"line":204,"column":5}},"line":170},"14":{"name":"(anonymous_14)","decl":{"start":{"line":213,"column":26},"end":{"line":213,"column":27}},"loc":{"start":{"line":213,"column":46},"end":{"line":253,"column":1}},"line":213},"15":{"name":"(anonymous_15)","decl":{"start":{"line":215,"column":18},"end":{"line":215,"column":19}},"loc":{"start":{"line":215,"column":65},"end":{"line":250,"column":5}},"line":215},"16":{"name":"(anonymous_16)","decl":{"start":{"line":259,"column":25},"end":{"line":259,"column":26}},"loc":{"start":{"line":259,"column":37},"end":{"line":273,"column":1}},"line":259},"17":{"name":"(anonymous_17)","decl":{"start":{"line":260,"column":11},"end":{"line":260,"column":12}},"loc":{"start":{"line":260,"column":31},"end":{"line":272,"column":5}},"line":260},"18":{"name":"(anonymous_18)","decl":{"start":{"line":279,"column":24},"end":{"line":279,"column":25}},"loc":{"start":{"line":279,"column":44},"end":{"line":296,"column":1}},"line":279},"19":{"name":"(anonymous_19)","decl":{"start":{"line":282,"column":17},"end":{"line":282,"column":18}},"loc":{"start":{"line":282,"column":32},"end":{"line":293,"column":5}},"line":282}},"branchMap":{"0":{"loc":{"start":{"line":10,"column":26},"end":{"line":12,"column":33}},"type":"binary-expr","locations":[{"start":{"line":10,"column":26},"end":{"line":10,"column":57}},{"start":{"line":11,"column":25},"end":{"line":11,"column":52}},{"start":{"line":12,"column":25},"end":{"line":12,"column":33}}],"line":10},"1":{"loc":{"start":{"line":22,"column":25},"end":{"line":22,"column":34}},"type":"default-arg","locations":[{"start":{"line":22,"column":32},"end":{"line":22,"column":34}}],"line":22},"2":{"loc":{"start":{"line":23,"column":24},"end":{"line":23,"column":33}},"type":"default-arg","locations":[{"start":{"line":23,"column":31},"end":{"line":23,"column":33}}],"line":23},"3":{"loc":{"start":{"line":24,"column":24},"end":{"line":24,"column":33}},"type":"default-arg","locations":[{"start":{"line":24,"column":31},"end":{"line":24,"column":33}}],"line":24},"4":{"loc":{"start":{"line":25,"column":25},"end":{"line":25,"column":34}},"type":"default-arg","locations":[{"start":{"line":25,"column":32},"end":{"line":25,"column":34}}],"line":25},"5":{"loc":{"start":{"line":34,"column":12},"end":{"line":34,"column":50}},"type":"binary-expr","locations":[{"start":{"line":34,"column":12},"end":{"line":34,"column":18}},{"start":{"line":34,"column":22},"end":{"line":34,"column":50}}],"line":34},"6":{"loc":{"start":{"line":35,"column":16},"end":{"line":35,"column":43}},"type":"binary-expr","locations":[{"start":{"line":35,"column":16},"end":{"line":35,"column":28}},{"start":{"line":35,"column":32},"end":{"line":35,"column":43}}],"line":35},"7":{"loc":{"start":{"line":51,"column":20},"end":{"line":51,"column":47}},"type":"binary-expr","locations":[{"start":{"line":51,"column":20},"end":{"line":51,"column":32}},{"start":{"line":51,"column":36},"end":{"line":51,"column":47}}],"line":51},"8":{"loc":{"start":{"line":61,"column":8},"end":{"line":72,"column":9}},"type":"if","locations":[{"start":{"line":61,"column":8},"end":{"line":72,"column":9}},{"start":{},"end":{}}],"line":61},"9":{"loc":{"start":{"line":69,"column":24},"end":{"line":69,"column":51}},"type":"binary-expr","locations":[{"start":{"line":69,"column":24},"end":{"line":69,"column":36}},{"start":{"line":69,"column":40},"end":{"line":69,"column":51}}],"line":69},"10":{"loc":{"start":{"line":70,"column":30},"end":{"line":70,"column":72}},"type":"binary-expr","locations":[{"start":{"line":70,"column":30},"end":{"line":70,"column":59}},{"start":{"line":70,"column":63},"end":{"line":70,"column":72}}],"line":70},"11":{"loc":{"start":{"line":85,"column":26},"end":{"line":85,"column":55}},"type":"binary-expr","locations":[{"start":{"line":85,"column":26},"end":{"line":85,"column":43}},{"start":{"line":85,"column":47},"end":{"line":85,"column":55}}],"line":85},"12":{"loc":{"start":{"line":88,"column":4},"end":{"line":90,"column":5}},"type":"if","locations":[{"start":{"line":88,"column":4},"end":{"line":90,"column":5}},{"start":{},"end":{}}],"line":88},"13":{"loc":{"start":{"line":93,"column":24},"end":{"line":95,"column":5}},"type":"binary-expr","locations":[{"start":{"line":93,"column":24},"end":{"line":93,"column":34}},{"start":{"line":93,"column":38},"end":{"line":95,"column":5}}],"line":93},"14":{"loc":{"start":{"line":94,"column":25},"end":{"line":94,"column":34}},"type":"default-arg","locations":[{"start":{"line":94,"column":32},"end":{"line":94,"column":34}}],"line":94},"15":{"loc":{"start":{"line":97,"column":21},"end":{"line":97,"column":70}},"type":"cond-expr","locations":[{"start":{"line":97,"column":37},"end":{"line":97,"column":63}},{"start":{"line":97,"column":66},"end":{"line":97,"column":70}}],"line":97},"16":{"loc":{"start":{"line":102,"column":20},"end":{"line":102,"column":41}},"type":"binary-expr","locations":[{"start":{"line":102,"column":20},"end":{"line":102,"column":34}},{"start":{"line":102,"column":38},"end":{"line":102,"column":41}}],"line":102},"17":{"loc":{"start":{"line":105,"column":16},"end":{"line":105,"column":43}},"type":"binary-expr","locations":[{"start":{"line":105,"column":16},"end":{"line":105,"column":28}},{"start":{"line":105,"column":32},"end":{"line":105,"column":43}}],"line":105},"18":{"loc":{"start":{"line":106,"column":12},"end":{"line":106,"column":53}},"type":"binary-expr","locations":[{"start":{"line":106,"column":12},"end":{"line":106,"column":20}},{"start":{"line":106,"column":24},"end":{"line":106,"column":53}}],"line":106},"19":{"loc":{"start":{"line":110,"column":4},"end":{"line":112,"column":5}},"type":"if","locations":[{"start":{"line":110,"column":4},"end":{"line":112,"column":5}},{"start":{},"end":{}}],"line":110},"20":{"loc":{"start":{"line":123,"column":4},"end":{"line":125,"column":5}},"type":"if","locations":[{"start":{"line":123,"column":4},"end":{"line":125,"column":5}},{"start":{},"end":{}}],"line":123},"21":{"loc":{"start":{"line":123,"column":8},"end":{"line":123,"column":65}},"type":"binary-expr","locations":[{"start":{"line":123,"column":8},"end":{"line":123,"column":30}},{"start":{"line":123,"column":34},"end":{"line":123,"column":65}}],"line":123},"22":{"loc":{"start":{"line":133,"column":15},"end":{"line":133,"column":72}},"type":"cond-expr","locations":[{"start":{"line":133,"column":51},"end":{"line":133,"column":60}},{"start":{"line":133,"column":63},"end":{"line":133,"column":72}}],"line":133},"23":{"loc":{"start":{"line":134,"column":14},"end":{"line":140,"column":21}},"type":"cond-expr","locations":[{"start":{"line":134,"column":49},"end":{"line":140,"column":9}},{"start":{"line":140,"column":12},"end":{"line":140,"column":21}}],"line":134},"24":{"loc":{"start":{"line":134,"column":14},"end":{"line":134,"column":46}},"type":"binary-expr","locations":[{"start":{"line":134,"column":14},"end":{"line":134,"column":34}},{"start":{"line":134,"column":38},"end":{"line":134,"column":46}}],"line":134},"25":{"loc":{"start":{"line":137,"column":22},"end":{"line":137,"column":66}},"type":"cond-expr","locations":[{"start":{"line":137,"column":42},"end":{"line":137,"column":54}},{"start":{"line":137,"column":57},"end":{"line":137,"column":66}}],"line":137},"26":{"loc":{"start":{"line":138,"column":19},"end":{"line":138,"column":60}},"type":"cond-expr","locations":[{"start":{"line":138,"column":36},"end":{"line":138,"column":48}},{"start":{"line":138,"column":51},"end":{"line":138,"column":60}}],"line":138},"27":{"loc":{"start":{"line":139,"column":21},"end":{"line":139,"column":64}},"type":"cond-expr","locations":[{"start":{"line":139,"column":40},"end":{"line":139,"column":52}},{"start":{"line":139,"column":55},"end":{"line":139,"column":64}}],"line":139},"28":{"loc":{"start":{"line":143,"column":16},"end":{"line":143,"column":43}},"type":"binary-expr","locations":[{"start":{"line":143,"column":16},"end":{"line":143,"column":28}},{"start":{"line":143,"column":32},"end":{"line":143,"column":43}}],"line":143},"29":{"loc":{"start":{"line":149,"column":22},"end":{"line":149,"column":61}},"type":"cond-expr","locations":[{"start":{"line":149,"column":46},"end":{"line":149,"column":52}},{"start":{"line":149,"column":55},"end":{"line":149,"column":61}}],"line":149},"30":{"loc":{"start":{"line":157,"column":20},"end":{"line":157,"column":47}},"type":"binary-expr","locations":[{"start":{"line":157,"column":20},"end":{"line":157,"column":32}},{"start":{"line":157,"column":36},"end":{"line":157,"column":47}}],"line":157},"31":{"loc":{"start":{"line":170,"column":38},"end":{"line":170,"column":49}},"type":"default-arg","locations":[{"start":{"line":170,"column":47},"end":{"line":170,"column":49}}],"line":170},"32":{"loc":{"start":{"line":177,"column":50},"end":{"line":177,"column":81}},"type":"cond-expr","locations":[{"start":{"line":177,"column":71},"end":{"line":177,"column":76}},{"start":{"line":177,"column":79},"end":{"line":177,"column":81}}],"line":177},"33":{"loc":{"start":{"line":183,"column":50},"end":{"line":183,"column":81}},"type":"cond-expr","locations":[{"start":{"line":183,"column":71},"end":{"line":183,"column":76}},{"start":{"line":183,"column":79},"end":{"line":183,"column":81}}],"line":183},"34":{"loc":{"start":{"line":192,"column":50},"end":{"line":192,"column":81}},"type":"cond-expr","locations":[{"start":{"line":192,"column":71},"end":{"line":192,"column":76}},{"start":{"line":192,"column":79},"end":{"line":192,"column":81}}],"line":192},"35":{"loc":{"start":{"line":197,"column":50},"end":{"line":197,"column":81}},"type":"cond-expr","locations":[{"start":{"line":197,"column":71},"end":{"line":197,"column":76}},{"start":{"line":197,"column":79},"end":{"line":197,"column":81}}],"line":197},"36":{"loc":{"start":{"line":261,"column":8},"end":{"line":270,"column":9}},"type":"if","locations":[{"start":{"line":261,"column":8},"end":{"line":270,"column":9}},{"start":{},"end":{}}],"line":261},"37":{"loc":{"start":{"line":267,"column":20},"end":{"line":267,"column":58}},"type":"binary-expr","locations":[{"start":{"line":267,"column":20},"end":{"line":267,"column":26}},{"start":{"line":267,"column":30},"end":{"line":267,"column":58}}],"line":267},"38":{"loc":{"start":{"line":283,"column":8},"end":{"line":291,"column":9}},"type":"if","locations":[{"start":{"line":283,"column":8},"end":{"line":291,"column":9}},{"start":{},"end":{}}],"line":283},"39":{"loc":{"start":{"line":285,"column":24},"end":{"line":285,"column":51}},"type":"binary-expr","locations":[{"start":{"line":285,"column":24},"end":{"line":285,"column":36}},{"start":{"line":285,"column":40},"end":{"line":285,"column":51}}],"line":285},"40":{"loc":{"start":{"line":286,"column":20},"end":{"line":286,"column":58}},"type":"binary-expr","locations":[{"start":{"line":286,"column":20},"end":{"line":286,"column":26}},{"start":{"line":286,"column":30},"end":{"line":286,"column":58}}],"line":286}},"s":{"0":0,"1":0,"2":0,"3":0,"4":0,"5":0,"6":0,"7":0,"8":0,"9":0,"10":0,"11":0,"12":0,"13":0,"14":0,"15":0,"16":0,"17":0,"18":0,"19":0,"20":0,"21":0,"22":0,"23":0,"24":0,"25":0,"26":0,"27":0,"28":0,"29":0,"30":0,"31":0,"32":0,"33":0,"34":0,"35":0,"36":0,"37":0,"38":0,"39":0,"40":0,"41":0,"42":0,"43":0,"44":0,"45":0,"46":0,"47":0,"48":0,"49":0,"50":0,"51":0,"52":0,"53":0,"54":0,"55":0,"56":0,"57":0,"58":0,"59":0,"60":0,"61":0,"62":0,"63":0,"64":0,"65":0,"66":0,"67":0,"68":0,"69":0,"70":0,"71":0,"72":0,"73":0,"74":0,"75":0,"76":0,"77":0,"78":0,"79":0,"80":0,"81":0,"82":0,"83":0},"f":{"0":0,"1":0,"2":0,"3":0,"4":0,"5":0,"6":0,"7":0,"8":0,"9":0,"10":0,"11":0,"12":0,"13":0,"14":0,"15":0,"16":0,"17":0,"18":0,"19":0},"b":{"0":[0,0,0],"1":[0],"2":[0],"3":[0],"4":[0],"5":[0,0],"6":[0,0],"7":[0,0],"8":[0,0],"9":[0,0],"10":[0,0],"11":[0,0],"12":[0,0],"13":[0,0],"14":[0],"15":[0,0],"16":[0,0],"17":[0,0],"18":[0,0],"19":[0,0],"20":[0,0],"21":[0,0],"22":[0,0],"23":[0,0],"24":[0,0],"25":[0,0],"26":[0,0],"27":[0,0],"28":[0,0],"29":[0,0],"30":[0,0],"31":[0],"32":[0,0],"33":[0,0],"34":[0,0],"35":[0,0],"36":[0,0],"37":[0,0],"38":[0,0],"39":[0,0],"40":[0,0]}}
,"/Users/macbookairm1/Flirrt-screens-shots-v1/FlirrtAI/Backend/middleware/optimizedUpload.js": {"path":"/Users/macbookairm1/Flirrt-screens-shots-v1/FlirrtAI/Backend/middleware/optimizedUpload.js","statementMap":{"0":{"start":{"line":1,"column":15},"end":{"line":1,"column":32}},"1":{"start":{"line":2,"column":13},"end":{"line":2,"column":28}},"2":{"start":{"line":3,"column":11},"end":{"line":3,"column":33}},"3":{"start":{"line":4,"column":15},"end":{"line":4,"column":32}},"4":{"start":{"line":5,"column":19},"end":{"line":5,"column":48}},"5":{"start":{"line":9,"column":8},"end":{"line":9,"column":63}},"6":{"start":{"line":10,"column":8},"end":{"line":10,"column":57}},"7":{"start":{"line":11,"column":8},"end":{"line":11,"column":83}},"8":{"start":{"line":12,"column":8},"end":{"line":16,"column":10}},"9":{"start":{"line":18,"column":8},"end":{"line":18,"column":37}},"10":{"start":{"line":22,"column":8},"end":{"line":37,"column":9}},"11":{"start":{"line":23,"column":12},"end":{"line":23,"column":64}},"12":{"start":{"line":24,"column":12},"end":{"line":24,"column":62}},"13":{"start":{"line":25,"column":12},"end":{"line":25,"column":85}},"14":{"start":{"line":26,"column":12},"end":{"line":26,"column":84}},"15":{"start":{"line":27,"column":12},"end":{"line":27,"column":88}},"16":{"start":{"line":29,"column":12},"end":{"line":33,"column":15}},"17":{"start":{"line":35,"column":12},"end":{"line":35,"column":84}},"18":{"start":{"line":36,"column":12},"end":{"line":36,"column":24}},"19":{"start":{"line":42,"column":26},"end":{"line":42,"column":36}},"20":{"start":{"line":43,"column":27},"end":{"line":43,"column":64}},"21":{"start":{"line":44,"column":20},"end":{"line":44,"column":60}},"22":{"start":{"line":45,"column":25},"end":{"line":45,"column":87}},"23":{"start":{"line":47,"column":8},"end":{"line":47,"column":101}},"24":{"start":{"line":52,"column":8},"end":{"line":56,"column":9}},"25":{"start":{"line":53,"column":12},"end":{"line":55,"column":13}},"26":{"start":{"line":54,"column":16},"end":{"line":54,"column":32}},"27":{"start":{"line":57,"column":8},"end":{"line":57,"column":20}},"28":{"start":{"line":62,"column":8},"end":{"line":113,"column":11}},"29":{"start":{"line":64,"column":38},"end":{"line":64,"column":55}},"30":{"start":{"line":66,"column":16},"end":{"line":91,"column":17}},"31":{"start":{"line":68,"column":33},"end":{"line":68,"column":44}},"32":{"start":{"line":69,"column":37},"end":{"line":69,"column":72}},"33":{"start":{"line":71,"column":20},"end":{"line":75,"column":21}},"34":{"start":{"line":72,"column":24},"end":{"line":72,"column":42}},"35":{"start":{"line":73,"column":27},"end":{"line":75,"column":21}},"36":{"start":{"line":74,"column":24},"end":{"line":74,"column":42}},"37":{"start":{"line":77,"column":37},"end":{"line":77,"column":70}},"38":{"start":{"line":79,"column":20},"end":{"line":85,"column":23}},"39":{"start":{"line":87,"column":20},"end":{"line":87,"column":39}},"40":{"start":{"line":89,"column":20},"end":{"line":89,"column":94}},"41":{"start":{"line":90,"column":20},"end":{"line":90,"column":30}},"42":{"start":{"line":95,"column":16},"end":{"line":111,"column":17}},"43":{"start":{"line":96,"column":35},"end":{"line":96,"column":62}},"44":{"start":{"line":97,"column":35},"end":{"line":97,"column":73}},"45":{"start":{"line":98,"column":37},"end":{"line":98,"column":99}},"46":{"start":{"line":100,"column":20},"end":{"line":105,"column":23}},"47":{"start":{"line":107,"column":20},"end":{"line":107,"column":39}},"48":{"start":{"line":109,"column":20},"end":{"line":109,"column":83}},"49":{"start":{"line":110,"column":20},"end":{"line":110,"column":30}},"50":{"start":{"line":118,"column":8},"end":{"line":198,"column":10}},"51":{"start":{"line":119,"column":34},"end":{"line":119,"column":51}},"52":{"start":{"line":121,"column":12},"end":{"line":197,"column":13}},"53":{"start":{"line":123,"column":16},"end":{"line":168,"column":17}},"54":{"start":{"line":124,"column":36},"end":{"line":124,"column":95}},"55":{"start":{"line":125,"column":36},"end":{"line":125,"column":41}},"56":{"start":{"line":128,"column":20},"end":{"line":140,"column":21}},"57":{"start":{"line":129,"column":24},"end":{"line":139,"column":25}},"58":{"start":{"line":131,"column":28},"end":{"line":134,"column":29}},"59":{"start":{"line":132,"column":32},"end":{"line":132,"column":49}},"60":{"start":{"line":133,"column":32},"end":{"line":133,"column":38}},"61":{"start":{"line":135,"column":31},"end":{"line":139,"column":25}},"62":{"start":{"line":137,"column":28},"end":{"line":137,"column":45}},"63":{"start":{"line":138,"column":28},"end":{"line":138,"column":34}},"64":{"start":{"line":142,"column":20},"end":{"line":153,"column":21}},"65":{"start":{"line":143,"column":38},"end":{"line":143,"column":90}},"66":{"start":{"line":144,"column":24},"end":{"line":144,"column":57}},"67":{"start":{"line":146,"column":24},"end":{"line":150,"column":27}},"68":{"start":{"line":152,"column":24},"end":{"line":152,"column":48}},"69":{"start":{"line":156,"column":39},"end":{"line":156,"column":82}},"70":{"start":{"line":157,"column":20},"end":{"line":167,"column":21}},"71":{"start":{"line":158,"column":38},"end":{"line":158,"column":92}},"72":{"start":{"line":159,"column":24},"end":{"line":159,"column":61}},"73":{"start":{"line":161,"column":24},"end":{"line":164,"column":27}},"74":{"start":{"line":166,"column":24},"end":{"line":166,"column":48}},"75":{"start":{"line":171,"column":45},"end":{"line":171,"column":100}},"76":{"start":{"line":172,"column":28},"end":{"line":172,"column":73}},"77":{"start":{"line":174,"column":16},"end":{"line":184,"column":17}},"78":{"start":{"line":175,"column":34},"end":{"line":175,"column":79}},"79":{"start":{"line":176,"column":20},"end":{"line":176,"column":60}},"80":{"start":{"line":178,"column":20},"end":{"line":181,"column":23}},"81":{"start":{"line":183,"column":20},"end":{"line":183,"column":44}},"82":{"start":{"line":186,"column":16},"end":{"line":190,"column":19}},"83":{"start":{"line":192,"column":16},"end":{"line":192,"column":31}},"84":{"start":{"line":195,"column":16},"end":{"line":195,"column":71}},"85":{"start":{"line":196,"column":16},"end":{"line":196,"column":33}},"86":{"start":{"line":203,"column":8},"end":{"line":210,"column":11}},"87":{"start":{"line":215,"column":8},"end":{"line":222,"column":11}},"88":{"start":{"line":227,"column":8},"end":{"line":234,"column":11}},"89":{"start":{"line":243,"column":12},"end":{"line":243,"column":19}},"90":{"start":{"line":245,"column":8},"end":{"line":252,"column":11}},"91":{"start":{"line":257,"column":8},"end":{"line":285,"column":10}},"92":{"start":{"line":258,"column":30},"end":{"line":258,"column":40}},"93":{"start":{"line":259,"column":29},"end":{"line":259,"column":30}},"94":{"start":{"line":262,"column":12},"end":{"line":269,"column":13}},"95":{"start":{"line":263,"column":16},"end":{"line":263,"column":69}},"96":{"start":{"line":265,"column":16},"end":{"line":268,"column":19}},"97":{"start":{"line":272,"column":12},"end":{"line":282,"column":15}},"98":{"start":{"line":273,"column":33},"end":{"line":273,"column":55}},"99":{"start":{"line":274,"column":32},"end":{"line":274,"column":52}},"100":{"start":{"line":276,"column":16},"end":{"line":281,"column":19}},"101":{"start":{"line":284,"column":12},"end":{"line":284,"column":19}},"102":{"start":{"line":290,"column":8},"end":{"line":345,"column":10}},"103":{"start":{"line":291,"column":12},"end":{"line":293,"column":13}},"104":{"start":{"line":292,"column":16},"end":{"line":292,"column":30}},"105":{"start":{"line":295,"column":12},"end":{"line":344,"column":13}},"106":{"start":{"line":296,"column":30},"end":{"line":296,"column":127}},"107":{"start":{"line":298,"column":16},"end":{"line":333,"column":17}},"108":{"start":{"line":300,"column":20},"end":{"line":332,"column":21}},"109":{"start":{"line":301,"column":24},"end":{"line":301,"column":51}},"110":{"start":{"line":302,"column":38},"end":{"line":302,"column":62}},"111":{"start":{"line":304,"column":24},"end":{"line":309,"column":27}},"112":{"start":{"line":312,"column":24},"end":{"line":312,"column":43}},"113":{"start":{"line":314,"column":24},"end":{"line":317,"column":27}},"114":{"start":{"line":320,"column":24},"end":{"line":324,"column":25}},"115":{"start":{"line":321,"column":28},"end":{"line":321,"column":55}},"116":{"start":{"line":323,"column":28},"end":{"line":323,"column":103}},"117":{"start":{"line":326,"column":24},"end":{"line":331,"column":27}},"118":{"start":{"line":335,"column":16},"end":{"line":335,"column":23}},"119":{"start":{"line":338,"column":16},"end":{"line":338,"column":77}},"120":{"start":{"line":339,"column":16},"end":{"line":343,"column":19}},"121":{"start":{"line":350,"column":8},"end":{"line":384,"column":9}},"122":{"start":{"line":351,"column":26},"end":{"line":351,"column":56}},"123":{"start":{"line":352,"column":24},"end":{"line":352,"column":34}},"124":{"start":{"line":353,"column":31},"end":{"line":353,"column":32}},"125":{"start":{"line":355,"column":12},"end":{"line":370,"column":13}},"126":{"start":{"line":356,"column":33},"end":{"line":356,"column":62}},"127":{"start":{"line":358,"column":16},"end":{"line":369,"column":17}},"128":{"start":{"line":359,"column":34},"end":{"line":359,"column":57}},"129":{"start":{"line":360,"column":32},"end":{"line":360,"column":59}},"130":{"start":{"line":362,"column":20},"end":{"line":366,"column":21}},"131":{"start":{"line":363,"column":24},"end":{"line":363,"column":50}},"132":{"start":{"line":364,"column":24},"end":{"line":364,"column":39}},"133":{"start":{"line":365,"column":24},"end":{"line":365,"column":122}},"134":{"start":{"line":368,"column":20},"end":{"line":368,"column":92}},"135":{"start":{"line":372,"column":12},"end":{"line":377,"column":13}},"136":{"start":{"line":373,"column":16},"end":{"line":376,"column":19}},"137":{"start":{"line":379,"column":12},"end":{"line":379,"column":32}},"138":{"start":{"line":382,"column":12},"end":{"line":382,"column":69}},"139":{"start":{"line":383,"column":12},"end":{"line":383,"column":21}},"140":{"start":{"line":389,"column":8},"end":{"line":444,"column":9}},"141":{"start":{"line":390,"column":26},"end":{"line":394,"column":13}},"142":{"start":{"line":396,"column":31},"end":{"line":396,"column":71}},"143":{"start":{"line":398,"column":12},"end":{"line":433,"column":13}},"144":{"start":{"line":399,"column":32},"end":{"line":399,"column":67}},"145":{"start":{"line":401,"column":16},"end":{"line":432,"column":17}},"146":{"start":{"line":402,"column":34},"end":{"line":402,"column":59}},"147":{"start":{"line":403,"column":39},"end":{"line":403,"column":40}},"148":{"start":{"line":405,"column":20},"end":{"line":415,"column":21}},"149":{"start":{"line":406,"column":24},"end":{"line":414,"column":25}},"150":{"start":{"line":407,"column":45},"end":{"line":407,"column":69}},"151":{"start":{"line":408,"column":45},"end":{"line":408,"column":68}},"152":{"start":{"line":409,"column":28},"end":{"line":411,"column":29}},"153":{"start":{"line":410,"column":32},"end":{"line":410,"column":62}},"154":{"start":{"line":417,"column":20},"end":{"line":421,"column":22}},"155":{"start":{"line":423,"column":20},"end":{"line":423,"column":52}},"156":{"start":{"line":424,"column":20},"end":{"line":424,"column":53}},"157":{"start":{"line":427,"column":20},"end":{"line":431,"column":22}},"158":{"start":{"line":435,"column":12},"end":{"line":435,"column":89}},"159":{"start":{"line":437,"column":12},"end":{"line":437,"column":25}},"160":{"start":{"line":440,"column":12},"end":{"line":440,"column":71}},"161":{"start":{"line":441,"column":12},"end":{"line":443,"column":14}},"162":{"start":{"line":449,"column":8},"end":{"line":510,"column":10}},"163":{"start":{"line":450,"column":12},"end":{"line":507,"column":13}},"164":{"start":{"line":451,"column":16},"end":{"line":455,"column":19}},"165":{"start":{"line":458,"column":16},"end":{"line":465,"column":17}},"166":{"start":{"line":459,"column":20},"end":{"line":464,"column":23}},"167":{"start":{"line":467,"column":16},"end":{"line":473,"column":17}},"168":{"start":{"line":468,"column":20},"end":{"line":472,"column":23}},"169":{"start":{"line":475,"column":16},"end":{"line":482,"column":17}},"170":{"start":{"line":476,"column":20},"end":{"line":481,"column":23}},"171":{"start":{"line":484,"column":16},"end":{"line":490,"column":17}},"172":{"start":{"line":485,"column":20},"end":{"line":489,"column":23}},"173":{"start":{"line":492,"column":16},"end":{"line":498,"column":17}},"174":{"start":{"line":493,"column":20},"end":{"line":497,"column":23}},"175":{"start":{"line":501,"column":16},"end":{"line":506,"column":19}},"176":{"start":{"line":509,"column":12},"end":{"line":509,"column":19}},"177":{"start":{"line":515,"column":22},"end":{"line":515,"column":50}},"178":{"start":{"line":517,"col
[...]
,"/Users/macbookairm1/Flirrt-screens-shots-v1/FlirrtAI/Backend/routes/voice.js": {"path":"/Users/macbookairm1/Flirrt-screens-shots-v1/FlirrtAI/Backend/routes/voice.js","statementMap":{"0":{"start":{"line":1,"column":16},"end":{"line":1,"column":34}},"1":{"start":{"line":2,"column":11},"end":{"line":2,"column":33}},"2":{"start":{"line":3,"column":13},"end":{"line":3,"column":28}},"3":{"start":{"line":4,"column":17},"end":{"line":4,"column":30}},"4":{"start":{"line":5,"column":14},"end":{"line":5,"column":30}},"5":{"start":{"line":6,"column":41},"end":{"line":6,"column":70}},"6":{"start":{"line":8,"column":15},"end":{"line":8,"column":31}},"7":{"start":{"line":11,"column":13},"end":{"line":17,"column":2}},"8":{"start":{"line":23,"column":0},"end":{"line":248,"column":2}},"9":{"start":{"line":27,"column":29},"end":{"line":27,"column":33}},"10":{"start":{"line":29,"column":8},"end":{"line":246,"column":9}},"11":{"start":{"line":41,"column":16},"end":{"line":41,"column":24}},"12":{"start":{"line":43,"column":12},"end":{"line":49,"column":13}},"13":{"start":{"line":44,"column":16},"end":{"line":48,"column":19}},"14":{"start":{"line":52,"column":12},"end":{"line":58,"column":13}},"15":{"start":{"line":53,"column":16},"end":{"line":57,"column":19}},"16":{"start":{"line":61,"column":12},"end":{"line":81,"column":13}},"17":{"start":{"line":62,"column":16},"end":{"line":80,"column":17}},"18":{"start":{"line":63,"column":44},"end":{"line":65,"column":21}},"19":{"start":{"line":67,"column":45},"end":{"line":67,"column":101}},"20":{"start":{"line":69,"column":20},"end":{"line":77,"column":21}},"21":{"start":{"line":70,"column":24},"end":{"line":70,"column":101}},"22":{"start":{"line":71,"column":27},"end":{"line":77,"column":21}},"23":{"start":{"line":72,"column":24},"end":{"line":76,"column":27}},"24":{"start":{"line":79,"column":20},"end":{"line":79,"column":98}},"25":{"start":{"line":84,"column":33},"end":{"line":84,"column":59}},"26":{"start":{"line":85,"column":12},"end":{"line":102,"column":13}},"27":{"start":{"line":86,"column":41},"end":{"line":90,"column":17}},"28":{"start":{"line":92,"column":36},"end":{"line":97,"column":18}},"29":{"start":{"line":99,"column":16},"end":{"line":99,"column":56}},"30":{"start":{"line":101,"column":16},"end":{"line":101,"column":88}},"31":{"start":{"line":105,"column":34},"end":{"line":105,"column":96}},"32":{"start":{"line":107,"column":32},"end":{"line":111,"column":13}},"33":{"start":{"line":113,"column":12},"end":{"line":113,"column":63}},"34":{"start":{"line":114,"column":39},"end":{"line":122,"column":14}},"35":{"start":{"line":124,"column":12},"end":{"line":126,"column":13}},"36":{"start":{"line":125,"column":16},"end":{"line":125,"column":78}},"37":{"start":{"line":129,"column":34},"end":{"line":129,"column":77}},"38":{"start":{"line":130,"column":34},"end":{"line":130,"column":97}},"39":{"start":{"line":132,"column":12},"end":{"line":132,"column":71}},"40":{"start":{"line":135,"column":30},"end":{"line":135,"column":58}},"41":{"start":{"line":136,"column":29},"end":{"line":136,"column":43}},"42":{"start":{"line":139,"column":12},"end":{"line":148,"column":13}},"43":{"start":{"line":140,"column":16},"end":{"line":145,"column":18}},"44":{"start":{"line":147,"column":16},"end":{"line":147,"column":73}},"45":{"start":{"line":151,"column":12},"end":{"line":165,"column":13}},"46":{"start":{"line":152,"column":16},"end":{"line":162,"column":18}},"47":{"start":{"line":164,"column":16},"end":{"line":164,"column":75}},"48":{"start":{"line":167,"column":12},"end":{"line":179,"column":15}},"49":{"start":{"line":182,"column":12},"end":{"line":182,"column":59}},"50":{"start":{"line":185,"column":12},"end":{"line":196,"column":13}},"51":{"start":{"line":186,"column":16},"end":{"line":195,"column":17}},"52":{"start":{"line":187,"column":20},"end":{"line":192,"column":22}},"53":{"start":{"line":194,"column":20},"end":{"line":194,"column":92}},"54":{"start":{"line":199,"column":12},"end":{"line":229,"column":13}},"55":{"start":{"line":200,"column":33},"end":{"line":200,"column":52}},"56":{"start":{"line":201,"column":16},"end":{"line":201,"column":65}},"57":{"start":{"line":204,"column":16},"end":{"line":211,"column":17}},"58":{"start":{"line":205,"column":20},"end":{"line":210,"column":23}},"59":{"start":{"line":214,"column":16},"end":{"line":221,"column":17}},"60":{"start":{"line":215,"column":20},"end":{"line":220,"column":23}},"61":{"start":{"line":223,"column":16},"end":{"line":228,"column":19}},"62":{"start":{"line":232,"column":12},"end":{"line":238,"column":13}},"63":{"start":{"line":233,"column":16},"end":{"line":237,"column":19}},"64":{"start":{"line":240,"column":12},"end":{"line":245,"column":15}},"65":{"start":{"line":254,"column":0},"end":{"line":336,"column":3}},"66":{"start":{"line":255,"column":4},"end":{"line":335,"column":5}},"67":{"start":{"line":256,"column":35},"end":{"line":256,"column":45}},"68":{"start":{"line":259,"column":27},"end":{"line":264,"column":9}},"69":{"start":{"line":266,"column":28},"end":{"line":266,"column":74}},"70":{"start":{"line":268,"column":8},"end":{"line":274,"column":9}},"71":{"start":{"line":269,"column":12},"end":{"line":273,"column":15}},"72":{"start":{"line":276,"column":29},"end":{"line":276,"column":48}},"73":{"start":{"line":279,"column":8},"end":{"line":285,"column":9}},"74":{"start":{"line":280,"column":12},"end":{"line":284,"column":15}},"75":{"start":{"line":288,"column":8},"end":{"line":294,"column":9}},"76":{"start":{"line":289,"column":12},"end":{"line":293,"column":15}},"77":{"start":{"line":296,"column":8},"end":{"line":304,"column":9}},"78":{"start":{"line":297,"column":12},"end":{"line":297,"column":58}},"79":{"start":{"line":299,"column":12},"end":{"line":303,"column":15}},"80":{"start":{"line":307,"column":25},"end":{"line":307,"column":68}},"81":{"start":{"line":308,"column":8},"end":{"line":308,"column":52}},"82":{"start":{"line":309,"column":8},"end":{"line":309,"column":83}},"83":{"start":{"line":310,"column":8},"end":{"line":310,"column":70}},"84":{"start":{"line":313,"column":27},"end":{"line":313,"column":87}},"85":{"start":{"line":315,"column":8},"end":{"line":324,"column":11}},"86":{"start":{"line":316,"column":12},"end":{"line":316,"column":55}},"87":{"start":{"line":317,"column":12},"end":{"line":323,"column":13}},"88":{"start":{"line":318,"column":16},"end":{"line":322,"column":19}},"89":{"start":{"line":326,"column":8},"end":{"line":326,"column":29}},"90":{"start":{"line":329,"column":8},"end":{"line":329,"column":59}},"91":{"start":{"line":330,"column":8},"end":{"line":334,"column":11}},"92":{"start":{"line":342,"column":0},"end":{"line":414,"column":3}},"93":{"start":{"line":343,"column":4},"end":{"line":413,"column":5}},"94":{"start":{"line":344,"column":62},"end":{"line":344,"column":71}},"95":{"start":{"line":345,"column":23},"end":{"line":345,"column":41}},"96":{"start":{"line":347,"column":26},"end":{"line":347,"column":49}},"97":{"start":{"line":348,"column":26},"end":{"line":348,"column":39}},"98":{"start":{"line":350,"column":8},"end":{"line":353,"column":9}},"99":{"start":{"line":351,"column":12},"end":{"line":351,"column":88}},"100":{"start":{"line":352,"column":12},"end":{"line":352,"column":50}},"101":{"start":{"line":355,"column":29},"end":{"line":364,"column":9}},"102":{"start":{"line":366,"column":27},"end":{"line":370,"column":9}},"103":{"start":{"line":372,"column":8},"end":{"line":372,"column":40}},"104":{"start":{"line":374,"column":45},"end":{"line":377,"column":10}},"105":{"start":{"line":379,"column":30},"end":{"line":389,"column":11}},"106":{"start":{"line":379,"column":60},"end":{"line":389,"column":9}},"107":{"start":{"line":391,"column":22},"end":{"line":391,"column":57}},"108":{"start":{"line":393,"column":8},"end":{"line":404,"column":11}},"109":{"start":{"line":407,"column":8},"end":{"line":407,"column":57}},"110":{"start":{"line":408,"column":8},"end":{"line":412,"column":11}},"111":{"start":{"line":420,"column":0},"end":{"line":475,"column":3}},"112":{"start":{"line":421,"column":4},"end":{"line":474,"column":5}},"113":{"start":{"line":422,"column":35},"end":{"line":422,"column":45}},"114":{"start":{"line":425,"column":27},"end":{"line":429,"column":9}},"115":{"start":{"line":431,"column":28},"end":{"line":431,"column":74}},"116":{"start":{"line":433,"column":8},"end":{"line":439,"column":9}},"117":{"start":{"line":434,"column":12},"end":{"line":438,"column":15}},"118":{"start":{"line":441,"column":29},"end":{"line":441,"column":48}},"119":{"start":{"line":444,"column":8},"end":{"line":450,"column":9}},"120":{"start":{"line":445,"column":12},"end":{"line":449,"column":15}},"121":{"start":{"line":453,"column":8},"end":{"line":453,"column":87}},"122":{"start":{"line":456,"column":8},"end":{"line":460,"column":9}},"123":{"start":{"line":457,"column":12},"end":{"line":459,"column":14}},"124":{"start":{"line":458,"column":16},"end":{"line":458,"column":68}},"125":{"start":{"line":462,"column":8},"end":{"line":465,"column":11}},"126":{"start":{"line":468,"column":8},"end":{"line":468,"column":60}},"127":{"start":{"line":469,"column":8},"end":{"line":473,"column":11}},"128":{"start":{"line":481,"column":0},"end":{"line":517,"column":3}},"129":{"start":{"line":482,"column":4},"end":{"line":516,"column":5}},"130":{"start":{"line":483,"column":30},"end":{"line":483,"column":72}},"131":{"start":{"line":485,"column":25},"end":{"line":490,"column":10}},"132":{"start":{"line":492,"column":8},"end":{"line":497,"column":11}},"133":{"start":{"line":500,"column":8},"end":{"line":500,"column":50}},"134":{"start":{"line":502,"column":8},"end":{"line":509,"column":9}},"135":{"start":{"line":503,"column":12},"end":{"line":508,"column":15}},"136":{"start":{"line":511,"column":8},"end":{"line":515,"column":11}},"137":{"start":{"line":519,"column":0},"end":{"line":519,"column":24}}},"fnMap":{"0":{"name":"(anonymous_0)","decl":{"start":{"line":26,"column":4},"end":{"line":26,"column":5}},"loc":{"start":{"line":26,"column":24},"end":{"line":247,"column":5}},"line":26},"1":{"name":"(anonymous_1)","decl":{"start":{"line":254,"column":59},"end":{"line":254,"column":60}},"loc":{"start":{"line":254,"column":79},"end":{"line":336,"column":1}},"line":254},"2":{"name":"(anonymous_2)","decl":{"start":{"line":315,"column":31},"end":{"line":315,"column":32}},"loc":{"start":{"line":315,"column":42},"end":{"line":324,"column":9}},"line":315},"3":{"name":"(anonymous_3)","decl":{"start":{"line":342,"column":42},"end":{"line":342,"column":43}},"loc":{"start":{"line":342,"column":62},"end":{"line":414,"column":1}},"line":342},"4":{"name":"(anonymous_4)","decl":{"start":{"line":379,"column":53},"end":{"line":379,"column":54}},"loc":{"start":{"line":379,"column":60},"end":{"line":389,"column":9}},"line":379},"5":{"name":"(anonymous_5)","decl":{"start":{"line":420,"column":53},"end":{"line":420,"column":54}},"loc":{"start":{"line":420,"column":73},"end":{"line":475,"column":1}},"line":420},"6":{"name":"(anonymous_6)","decl":{"start":{"line":457,"column":64},"end":{"line":457,"column":65}},"loc":{"start":{"line":458,"column":16},"end":{"line":458,"column":68}},"line":458},"7":{"name":"(anonymous_7)","decl":{"start":{"line":481,"column":67},"end":{"line":481,"column":68}},"loc":{"start":{"line":481,"column":87},"end":{"line":517,"column":1}},"line":481}},"branchMap":{"0":{"loc":{"start":{"line":33,"column":16},"end":{"line":33,"column":53}},"type":"default-arg","locations":[{"start":{"line":33,"column":30},"end":{"line":33,"column":53}}],"line":33},"1":{"loc":{"start":{"line":34,"column":16},"end":{"line":34,"column":49}},"type":"default-arg","locations":[{"start":{"line":34,"column":27},"end":{"line":34,"column":49}}],"line":34},"2":{"loc":{"start":{"line":35,"column":16},"end":{"line":40,"column":17}},"type":"default-arg","locations":[{"start":{"line":35,"column":33},"end":{"line":40,"column":17}}],"line":35},"3":{"loc":{"start":{"line":43,"column":12},"end":{"line":49,"column":13}},"type":"if","locations":[{"start":{"line":43,"column":12},"end":{"line":49,"column":13}},{"start":{},"end":{}}],"line":43},"4":{"loc":{"start":{"line":52,"column":12},"end":{"line":58,"column":13}},"type":"if","locations":[{"start":{"line":52,"column":12},"end":{"line":58,"column":13}},{"start":{},"end":{}}],"line":52},"5":{"loc":{"start":{"line":61,"column":12},"end":{"line":81,"column":13}},"type":"if","locations":[{"start":{"line":61,"column":12},"end":{"line":81,"column":13}},{"start":{},"end":{}}],"line":61},"6":{"loc":{"start":{"line":69,"column":20},"end":{"line":77,"column":21}},"type":"if","locations":[{"start":{"line":69,"column":20},"end":{"line":77,"column":21}},{"start":{"line":71,"column":27},"end":{"line":77,"column":21}}],"line":69},"7":{"loc":{"start":{"line":71,"column":27},"end":{"line":77,"column":21}},"type":"if","locations":[{"start":{"line":71,"column":27},"end":{"line":77,"column":21}},{"start":{},"end":{}}],"line":71},"8":{"loc":{"start":{"line":124,"column":12},"end":{"line":126,"column":13}},"type":"if","locations":[{"start":{"line":124,"column":12},"end":{"line":126,"column":13}},{"start":{},"end":{}}],"line":124},"9":{"loc":{"start":{"line":130,"column":44},"end":{"line":130,"column":81}},"type":"binary-expr","locations":[{"start":{"line":130,"column":44},"end":{"line":130,"column":66}},{"start":{"line":130,"column":70},"end":{"line":130,"column":81}}],"line":130},"10":{"loc":{"start":{"line":185,"column":12},"end":{"line":196,"column":13}},"type":"if","locations":[{"start":{"line":185,"column":12},"end":{"line":196,"column":13}},{"start":{},"end":{}}],"line":185},"11":{"loc":{"start":{"line":199,"column":12},"end":{"line":229,"column":13}},"type":"if","locations":[{"start":{"line":199,"column":12},"end":{"line":229,"column":13}},{"start":{},"end":{}}],"line":199},"12":{"loc":{"start":{"line":204,"column":16},"end":{"line":211,"column":17}},"type":"if","locations":[{"start":{"line":204,"column":16},"end":{"line":211,"column":17}},{"start":{},"end":{}}],"line":204},"13":{"loc":{"start":{"line":214,"column":16},"end":{"line":221,"column":17}},"type":"if","locations":[{"start":{"line":214,"column":16},"end":{"line":221,"column":17}},{"start":{},"end":{}}],"line":214},"14":{"loc":{"start":{"line":226,"column":29},"end":{"line":226,"column":112}},"type":"cond-expr","locations":[{"start":{"line":226,"column":60},"end":{"line":226,"column":68}},{"start":{"line":226,"column":72},"end":{"line":226,"column":111}}],"line":226},"15":{"loc":{"start":{"line":226,"column":72},"end":{"line":226,"column":111}},"type":"binary-expr","locations":[{"start":{"line":226,"column":72},"end":{"line":226,"column":87}},{"start":{"line":226,"column":91},"end":{"line":226,"column":111}}],"line":226},"16":{"loc":{"start":{"line":232,"column":12},"end":{"line":238,"column":13}},"type":"if","locations":[{"start":{"line":232,"column":12},"end":{"line":238,"column":13}},{"start":{},"end":{}}],"line":232},"17":{"loc":{"start":{"line":232,"column":16},"end":{"line":232,"column":75}},"type":"binary-expr","locations":[{"start":{"line":232,"column":16},"end":{"line":232,"column":45}},{"start":{"line":232,"column":49},"end":{"line":232,"column":75}}],"line":232},"18":{"loc":{"start":{"line":268,"column":8},"end":{"line":274,"column":9}},"type":"if","locations":[{"start":{"line":268,"column":8},"end":{"line":274,"column":9}},{"start":{},"end":{}}],"line":268},"19":{"loc":{"start":{"line":279,"column":8},"end":{"line":285,"column":9}},"type":"if","locations":[{"start":{"line":279,"column":8},"end":{"line":285,"column":9}},{"start":{},"end":{}}],"line":279},"20":{"loc":{"start":{"line":288,"column":8},"end":{"line":294,"column":9}},"type":"if","locations":[{"start":{"line":288,"column":8},"end":{"line":294,"column":9}},{"start":{},"end":{}}],"line":288},"21":{"loc":{"start":{"line":317,"column":12},"end":{"line":323,"column":13}},"type":"if","locations":[{"start":{"line":317,"column":12},"end":{"line":323,"column":13}},{"start":{},"end":{}}],"line":317},"22":{"loc":{"start":{"line":344,"column":16},"end":{"line":344,"column":24}},"type":"default-arg","locations":[{"start":{"line":344,"column":23},"end":{"line":344,"column":24}}],"line":344},"23":{"loc":{"start":{"line":344,"column":26},"end":{"line":344,"column":36}},"type":"default-arg","locations":[{"start":{"line":344,"column":34},"end":{"line":344,"column":36}}],"line":344},"24":{"loc":{"start":{"line":350,"column":8},"end":{"line":353,"column":9}},"type":"if","locations":[{"start":{"line":350,"column":8},"end":{"line":353,"column":9}},{"start":{},"end":{}}],"line":350},"25":{"loc":{"start":{"line":388,"column":26},"end":{"line":388,"column":104}},"type":"cond-expr","locations":[{"start":{"line":388,"column":64},"end":{"line":388,"column":97}},{"start":{"line":388,"column":100},"end":{"line":388,"column":104}}],"line":388},"26":{"loc":{"start":{"line":433,"column":8},"end":{"line":439,"column":9}},"type":"if","locations":[{"start":{"line":433,"column":8},"end":{"line":439,"column":9}},{"start":{},"end":{}}],"line":433},"27":{"loc":{"start":{"line":444,"column":8},"end":{"line":450,"column":9}},"type":"if","locations":[{"start":{"line":444,"column":8},"end":{"line":450,"column":9}},{"start":{},"end":{}}],"line":444},"28":{"loc":{"start":{"line":456,"column":8},"end":{"line":460,"column":9}},"type":"if","locations":[{"start":{"line":456,"column":8},"end":{"line":460,"column":9}},{"start":{},"end":{}}],"line":456},"29":{"loc":{"start":{"line":495,"column":24},"end":{"line":495,"column":50}},"type":"binary-expr","locations":[{"start":{"line":495,"column":24},"end":{"line":495,"column":44}},{"start":{"line":495,"column":48},"end":{"line":495,"column":50}}],"line":495},"30":{"loc":{"start":{"line":502,"column":8},"end":{"line":509,"column":9}},"type":"if","locations":[{"start":{"line":502,"column":8},"end":{"line":509,"column":9}},{"start":{},"end":{}}],"line":502}},"s":{"0":0,"1":0,"2":0,"3":0,"4":0,"5":0,"6":0,"7":0,"8":0,"9":0,"10":0,"11":0,"12":0,"13":0,"14":0,"15":0,"16":0,"17":0,"18":0,"19":0,"20":0,"21":0,"22":0,"23":0,"24":0,"25":0,"26":0,"27":0,"28":0,"29":0,"30":0,"31":0,"32":0,"33":0,"34":0,"35":0,"36":0,"37":0,"38":0,"39":0,"40":0,"41":0,"42":0,"43":0,"44":0,"45":0,"46":0,"47":0,"48":0,"49":0,"50":0,"51":0,"52":0,"53":0,"54":0,"55":0,"56":0,"57":0,"58":0,"59":0,"60":0,"61":0,"62":0,"63":0,"64":0,"65":0,"66":0,"67":0,"68":0,"69":0,"70":0,"71":0,"72":0,"73":0,"74":0,"75":0,"76":0,"77":0,"78":0,"79":0,"80":0,"81":0,"82":0,"83":0,"84":0,"85":0,"86":0,"87":0,"88":0,"89":0,"90":0,"91":0,"92":0,"93":0,"94":0,"95":0,"96":0,"97":0,"98":0,"99":0,"100":0,"101":0,"102":0,"103":0,"104":0,"105":0,"106":0,"107":0,"108":0,"109":0,"110":0,"111":0,"112":0,"113":0,"114":0,"115":0,"116":0,"117":0,"118":0,"119":0,"120":0,"121":0,"122":0,"123":0,"124":0,"125":0,"126":0,"127":0,"128":0,"129":0,"130":0,"131":0,"132":0,"133":0,"134":0,"135":0,"136":0,"137":0},"f":{"0":0,"1":0,"2":0,"3":0,"4":0,"5":0,"6":0,"7":0},"b":{"0":[0],"1":[0],"2":[0],"3":[0,0],"4":[0,0],"5":[0,0],"6":[0,0],"7":[0,0],"8":[0,0],"9":[0,0],"10":[0,0],"11":[0,0],"12":[0,0],"13":[0,0],"14":[0,0],"15":[0,0],"16":[0,0],"17":[0,0],"18":[0,0],"19":[0,0],"20":[0,0],"21":[0,0],"22":[0],"23":[0],"24":[0,0],"25":[0,0],"26":[0,0],"27":[0,0],"28":[0,0],"29":[0,0],"30":[0,0]}}
}
