TN:
SF:server.js
FN:55,(anonymous_0)
FN:56,(anonymous_1)
FN:132,(anonymous_2)
FN:151,(anonymous_3)
FN:170,(anonymous_4)
FN:177,(anonymous_5)
FN:184,(anonymous_6)
FN:190,(anonymous_7)
FN:204,(anonymous_8)
FN:242,(anonymous_9)
FN:335,(anonymous_10)
FN:349,(anonymous_11)
FN:403,(anonymous_12)
FN:450,(anonymous_13)
FN:485,(anonymous_14)
FN:509,(anonymous_15)
FN:549,(anonymous_16)
FN:554,(anonymous_17)
FN:575,(anonymous_18)
FN:576,(anonymous_19)
FN:579,(anonymous_20)
FN:587,(anonymous_21)
FN:597,(anonymous_22)
FN:620,(anonymous_23)
FN:625,(anonymous_24)
FN:626,(anonymous_25)
FN:635,(anonymous_26)
FNF:27
FNH:0
FNDA:0,(anonymous_0)
FNDA:0,(anonymous_1)
FNDA:0,(anonymous_2)
FNDA:0,(anonymous_3)
FNDA:0,(anonymous_4)
FNDA:0,(anonymous_5)
FNDA:0,(anonymous_6)
FNDA:0,(anonymous_7)
FNDA:0,(anonymous_8)
FNDA:0,(anonymous_9)
FNDA:0,(anonymous_10)
FNDA:0,(anonymous_11)
FNDA:0,(anonymous_12)
FNDA:0,(anonymous_13)
FNDA:0,(anonymous_14)
FNDA:0,(anonymous_15)
FNDA:0,(anonymous_16)
FNDA:0,(anonymous_17)
FNDA:0,(anonymous_18)
FNDA:0,(anonymous_19)
FNDA:0,(anonymous_20)
FNDA:0,(anonymous_21)
FNDA:0,(anonymous_22)
FNDA:0,(anonymous_23)
FNDA:0,(anonymous_24)
FNDA:0,(anonymous_25)
FNDA:0,(anonymous_26)
DA:1,1
DA:3,1
DA:4,1
DA:5,1
DA:6,1
DA:7,1
DA:8,1
DA:11,1
DA:12,1
DA:13,1
DA:14,1
DA:15,0
DA:16,0
DA:26,0
DA:27,0
DA:30,0
DA:31,0
DA:32,0
DA:33,0
DA:34,0
DA:37,0
DA:38,0
DA:40,0
DA:41,0
DA:42,0
DA:45,0
DA:54,0
DA:55,0
DA:56,0
DA:59,0
DA:66,0
DA:69,0
DA:71,0
DA:73,0
DA:77,0
DA:78,0
DA:79,0
DA:80,0
DA:83,0
DA:117,0
DA:118,0
DA:120,0
DA:121,0
DA:124,0
DA:127,0
DA:132,0
DA:133,0
DA:134,0
DA:135,0
DA:137,0
DA:139,0
DA:140,0
DA:151,0
DA:152,0
DA:153,0
DA:154,0
DA:156,0
DA:158,0
DA:159,0
DA:170,0
DA:171,0
DA:172,0
DA:173,0
DA:177,0
DA:178,0
DA:179,0
DA:180,0
DA:184,0
DA:185,0
DA:186,0
DA:190,0
DA:191,0
DA:192,0
DA:193,0
DA:195,0
DA:204,0
DA:205,0
DA:206,0
DA:213,0
DA:225,0
DA:226,0
DA:235,0
DA:236,0
DA:237,0
DA:238,0
DA:239,0
DA:242,0
DA:243,0
DA:244,0
DA:245,0
DA:248,0
DA:250,0
DA:251,0
DA:254,0
DA:256,0
DA:257,0
DA:265,0
DA:266,0
DA:275,0
DA:276,0
DA:277,0
DA:284,0
DA:286,0
DA:287,0
DA:290,0
DA:295,0
DA:296,0
DA:299,0
DA:300,0
DA:301,0
DA:302,0
DA:303,0
DA:304,0
DA:307,0
DA:314,0
DA:315,0
DA:318,0
DA:319,0
DA:320,0
DA:323,0
DA:327,0
DA:328,0
DA:329,0
DA:331,0
DA:332,0
DA:335,0
DA:336,0
DA:341,0
DA:342,0
DA:343,0
DA:345,0
DA:349,0
DA:351,0
DA:353,0
DA:358,0
DA:359,0
DA:360,0
DA:361,0
DA:362,0
DA:364,0
DA:369,0
DA:379,0
DA:382,0
DA:383,0
DA:390,0
DA:393,0
DA:403,0
DA:404,0
DA:405,0
DA:407,0
DA:408,0
DA:409,0
DA:411,0
DA:422,0
DA:423,0
DA:425,0
DA:440,0
DA:441,0
DA:450,0
DA:451,0
DA:452,0
DA:453,0
DA:456,0
DA:462,0
DA:464,0
DA:465,0
DA:472,0
DA:475,0
DA:476,0
DA:485,0
DA:486,0
DA:508,0
DA:509,0
DA:513,0
DA:514,0
DA:522,0
DA:523,0
DA:531,0
DA:532,0
DA:540,0
DA:549,0
DA:550,0
DA:552,0
DA:554,0
DA:555,0
DA:559,0
DA:561,0
DA:562,0
DA:563,0
DA:564,0
DA:566,0
DA:567,0
DA:570,0
DA:571,0
DA:575,0
DA:576,0
DA:579,0
DA:580,0
DA:584,0
DA:587,0
DA:588,0
DA:593,0
DA:597,0
DA:598,0
DA:620,0
DA:621,0
DA:625,0
DA:626,0
DA:627,0
DA:631,0
DA:635,0
DA:636,0
DA:637,0
DA:639,0
DA:641,0
DA:644,0
LF:216
LH:11
BRDA:42,0,0,0
BRDA:42,0,1,0
BRDA:60,1,0,0
BRDA:60,1,1,0
BRDA:61,2,0,0
BRDA:61,2,1,0
BRDA:135,3,0,0
BRDA:135,3,1,0
BRDA:135,4,0,0
BRDA:135,4,1,0
BRDA:154,5,0,0
BRDA:154,5,1,0
BRDA:154,6,0,0
BRDA:154,6,1,0
BRDA:172,7,0,0
BRDA:172,7,1,0
BRDA:179,8,0,0
BRDA:179,8,1,0
BRDA:191,9,0,0
BRDA:191,9,1,0
BRDA:248,10,0,0
BRDA:248,10,1,0
BRDA:256,11,0,0
BRDA:256,11,1,0
BRDA:327,12,0,0
BRDA:327,12,1,0
BRDA:336,13,0,0
BRDA:336,13,1,0
BRDA:336,13,2,0
BRDA:359,14,0,0
BRDA:359,14,1,0
BRDA:359,15,0,0
BRDA:359,15,1,0
BRDA:360,16,0,0
BRDA:360,16,1,0
BRDA:375,17,0,0
BRDA:375,17,1,0
BRDA:405,18,0,0
BRDA:408,19,0,0
BRDA:408,19,1,0
BRDA:409,20,0,0
BRDA:409,20,1,0
BRDA:430,21,0,0
BRDA:430,21,1,0
BRDA:431,22,0,0
BRDA:431,22,1,0
BRDA:432,23,0,0
BRDA:432,23,1,0
BRDA:433,24,0,0
BRDA:433,24,1,0
BRDA:434,25,0,0
BRDA:434,25,1,0
BRDA:464,26,0,0
BRDA:464,26,1,0
BRDA:464,27,0,0
BRDA:464,27,1,0
BRDA:513,28,0,0
BRDA:513,28,1,0
BRDA:517,29,0,0
BRDA:517,29,1,0
BRDA:522,30,0,0
BRDA:522,30,1,0
BRDA:531,31,0,0
BRDA:531,31,1,0
BRDA:589,32,0,0
BRDA:589,32,1,0
BRDA:590,33,0,0
BRDA:590,33,1,0
BRDA:600,34,0,0
BRDA:600,34,1,0
BRDA:601,35,0,0
BRDA:601,35,1,0
BRDA:611,36,0,0
BRDA:611,36,1,0
BRDA:636,37,0,0
BRDA:636,37,1,0
BRF:76
BRH:0
end_of_record
TN:
SF:middleware/auth.js
FN:22,(anonymous_0)
FN:182,(anonymous_1)
FN:240,(anonymous_2)
FN:284,(anonymous_3)
FN:292,(anonymous_4)
FN:300,(anonymous_5)
FN:363,(anonymous_6)
FNF:7
FNH:0
FNDA:0,(anonymous_0)
FNDA:0,(anonymous_1)
FNDA:0,(anonymous_2)
FNDA:0,(anonymous_3)
FNDA:0,(anonymous_4)
FNDA:0,(anonymous_5)
FNDA:0,(anonymous_6)
DA:1,0
DA:2,0
DA:3,0
DA:4,0
DA:5,0
DA:6,0
DA:9,0
DA:22,0
DA:23,0
DA:24,0
DA:25,0
DA:26,0
DA:29,0
DA:30,0
DA:39,0
DA:46,0
DA:49,0
DA:50,0
DA:58,0
DA:59,0
DA:67,0
DA:72,0
DA:76,0
DA:78,0
DA:85,0
DA:92,0
DA:97,0
DA:99,0
DA:100,0
DA:105,0
DA:113,0
DA:116,0
DA:117,0
DA:125,0
DA:131,0
DA:139,0
DA:146,0
DA:148,0
DA:153,0
DA:154,0
DA:161,0
DA:162,0
DA:169,0
DA:182,0
DA:183,0
DA:184,0
DA:185,0
DA:187,0
DA:188,0
DA:189,0
DA:193,0
DA:195,0
DA:202,0
DA:207,0
DA:209,0
DA:210,0
DA:213,0
DA:218,0
DA:225,0
DA:228,0
DA:231,0
DA:232,0
DA:240,0
DA:241,0
DA:242,0
DA:243,0
DA:251,0
DA:258,0
DA:260,0
DA:261,0
DA:268,0
DA:269,0
DA:271,0
DA:272,0
DA:284,0
DA:286,0
DA:294,0
DA:295,0
DA:298,0
DA:301,0
DA:302,0
DA:304,0
DA:313,0
DA:314,0
DA:321,0
DA:333,0
DA:334,0
DA:335,0
DA:336,0
DA:341,0
DA:346,0
DA:352,0
DA:357,0
DA:363,0
DA:364,0
DA:367,0
LF:96
LH:0
BRDA:25,0,0,0
BRDA:25,0,1,0
BRDA:29,1,0,0
BRDA:29,1,1,0
BRDA:49,2,0,0
BRDA:49,2,1,0
BRDA:58,3,0,0
BRDA:58,3,1,0
BRDA:99,4,0,0
BRDA:99,4,1,0
BRDA:116,5,0,0
BRDA:116,5,1,0
BRDA:136,6,0,0
BRDA:136,6,1,0
BRDA:153,7,0,0
BRDA:153,7,1,0
BRDA:161,8,0,0
BRDA:161,8,1,0
BRDA:185,9,0,0
BRDA:185,9,1,0
BRDA:187,10,0,0
BRDA:187,10,1,0
BRDA:209,11,0,0
BRDA:209,11,1,0
BRDA:209,12,0,0
BRDA:209,12,1,0
BRDA:242,13,0,0
BRDA:242,13,1,0
BRDA:260,14,0,0
BRDA:260,14,1,0
BRDA:284,15,0,0
BRDA:284,16,0,0
BRDA:284,17,0,0
BRDA:294,18,0,0
BRDA:294,18,1,0
BRDA:301,19,0,0
BRDA:301,19,1,0
BRDA:313,20,0,0
BRDA:313,20,1,0
BRDA:334,21,0,0
BRDA:334,21,1,0
BRDA:363,22,0,0
BRDA:363,23,0,0
BRF:43
BRH:0
end_of_record
TN:
SF:middleware/correlationId.js
FN:8,(anonymous_0)
FN:22,(anonymous_1)
FN:23,(anonymous_2)
FN:24,(anonymous_3)
FN:25,(anonymous_4)
FN:26,(anonymous_5)
FN:43,(anonymous_6)
FN:60,(anonymous_7)
FN:84,(anonymous_8)
FN:94,(anonymous_9)
FN:121,(anonymous_10)
FN:147,(anonymous_11)
FN:168,(anonymous_12)
FN:170,(anonymous_13)
FN:213,(anonymous_14)
FN:215,(anonymous_15)
FN:259,(anonymous_16)
FN:260,(anonymous_17)
FN:279,(anonymous_18)
FN:282,(anonymous_19)
FNF:20
FNH:0
FNDA:0,(anonymous_0)
FNDA:0,(anonymous_1)
FNDA:0,(anonymous_2)
FNDA:0,(anonymous_3)
FNDA:0,(anonymous_4)
FNDA:0,(anonymous_5)
FNDA:0,(anonymous_6)
FNDA:0,(anonymous_7)
FNDA:0,(anonymous_8)
FNDA:0,(anonymous_9)
FNDA:0,(anonymous_10)
FNDA:0,(anonymous_11)
FNDA:0,(anonymous_12)
FNDA:0,(anonymous_13)
FNDA:0,(anonymous_14)
FNDA:0,(anonymous_15)
FNDA:0,(anonymous_16)
FNDA:0,(anonymous_17)
FNDA:0,(anonymous_18)
FNDA:0,(anonymous_19)
DA:1,0
DA:2,0
DA:8,0
DA:10,0
DA:15,0
DA:18,0
DA:21,0
DA:22,0
DA:23,0
DA:24,0
DA:25,0
DA:26,0
DA:30,0
DA:39,0
DA:42,0
DA:43,0
DA:44,0
DA:46,0
DA:55,0
DA:59,0
DA:60,0
DA:61,0
DA:62,0
DA:64,0
DA:74,0
DA:77,0
DA:84,0
DA:85,0
DA:88,0
DA:89,0
DA:93,0
DA:94,0
DA:97,0
DA:99,0
DA:110,0
DA:111,0
DA:114,0
DA:121,0
DA:123,0
DA:124,0
DA:127,0
DA:130,0
DA:147,0
DA:148,0
DA:149,0
DA:151,0
DA:161,0
DA:168,0
DA:170,0
DA:171,0
DA:173,0
DA:174,0
DA:176,0
DA:182,0
DA:189,0
DA:191,0
DA:196,0
DA:202,0
DA:206,0
DA:213,0
DA:215,0
DA:216,0
DA:218,0
DA:219,0
DA:224,0
DA:226,0
DA:234,0
DA:236,0
DA:241,0
DA:248,0
DA:252,0
DA:259,0
DA:260,0
DA:261,0
DA:262,0
DA:271,0
DA:279,0
DA:280,0
DA:282,0
DA:283,0
DA:284,0
DA:292,0
DA:295,0
DA:298,0
LF:84
LH:0
BRDA:10,0,0,0
BRDA:10,0,1,0
BRDA:10,0,2,0
BRDA:22,1,0,0
BRDA:23,2,0,0
BRDA:24,3,0,0
BRDA:25,4,0,0
BRDA:34,5,0,0
BRDA:34,5,1,0
BRDA:35,6,0,0
BRDA:35,6,1,0
BRDA:51,7,0,0
BRDA:51,7,1,0
BRDA:61,8,0,0
BRDA:61,8,1,0
BRDA:69,9,0,0
BRDA:69,9,1,0
BRDA:70,10,0,0
BRDA:70,10,1,0
BRDA:85,11,0,0
BRDA:85,11,1,0
BRDA:88,12,0,0
BRDA:88,12,1,0
BRDA:93,13,0,0
BRDA:93,13,1,0
BRDA:94,14,0,0
BRDA:97,15,0,0
BRDA:97,15,1,0
BRDA:102,16,0,0
BRDA:102,16,1,0
BRDA:105,17,0,0
BRDA:105,17,1,0
BRDA:106,18,0,0
BRDA:106,18,1,0
BRDA:110,19,0,0
BRDA:110,19,1,0
BRDA:123,20,0,0
BRDA:123,20,1,0
BRDA:123,21,0,0
BRDA:123,21,1,0
BRDA:133,22,0,0
BRDA:133,22,1,0
BRDA:134,23,0,0
BRDA:134,23,1,0
BRDA:134,24,0,0
BRDA:134,24,1,0
BRDA:137,25,0,0
BRDA:137,25,1,0
BRDA:138,26,0,0
BRDA:138,26,1,0
BRDA:139,27,0,0
BRDA:139,27,1,0
BRDA:143,28,0,0
BRDA:143,28,1,0
BRDA:149,29,0,0
BRDA:149,29,1,0
BRDA:157,30,0,0
BRDA:157,30,1,0
BRDA:170,31,0,0
BRDA:177,32,0,0
BRDA:177,32,1,0
BRDA:183,33,0,0
BRDA:183,33,1,0
BRDA:192,34,0,0
BRDA:192,34,1,0
BRDA:197,35,0,0
BRDA:197,35,1,0
BRDA:261,36,0,0
BRDA:261,36,1,0
BRDA:267,37,0,0
BRDA:267,37,1,0
BRDA:283,38,0,0
BRDA:283,38,1,0
BRDA:285,39,0,0
BRDA:285,39,1,0
BRDA:286,40,0,0
BRDA:286,40,1,0
BRF:77
BRH:0
end_of_record
TN:
SF:middleware/optimizedUpload.js
FN:8,(anonymous_0)
FN:21,(anonymous_1)
FN:41,(anonymous_2)
FN:51,(anonymous_3)
FN:61,(anonymous_4)
FN:63,(anonymous_5)
FN:94,(anonymous_6)
FN:117,(anonymous_7)
FN:118,(anonymous_8)
FN:202,(anonymous_9)
FN:214,(anonymous_10)
FN:226,(anonymous_11)
FN:238,(anonymous_12)
FN:256,(anonymous_13)
FN:257,(anonymous_14)
FN:272,(anonymous_15)
FN:289,(anonymous_16)
FN:290,(anonymous_17)
FN:349,(anonymous_18)
FN:388,(anonymous_19)
FN:448,(anonymous_20)
FN:449,(anonymous_21)
FN:519,(anonymous_22)
FN:520,(anonymous_23)
FN:521,(anonymous_24)
FN:522,(anonymous_25)
FN:523,(anonymous_26)
FN:524,(anonymous_27)
FN:525,(anonymous_28)
FNF:29
FNH:0
FNDA:0,(anonymous_0)
FNDA:0,(anonymous_1)
FNDA:0,(anonymous_2)
FNDA:0,(anonymous_3)
FNDA:0,(anonymous_4)
FNDA:0,(anonymous_5)
FNDA:0,(anonymous_6)
FNDA:0,(anonymous_7)
FNDA:0,(anonymous_8)
FNDA:0,(anonymous_9)
FNDA:0,(anonymous_10)
FNDA:0,(anonymous_11)
FNDA:0,(anonymous_12)
FNDA:0,(anonymous_13)
FNDA:0,(anonymous_14)
FNDA:0,(anonymous_15)
FNDA:0,(anonymous_16)
FNDA:0,(anonymous_17)
FNDA:0,(anonymous_18)
FNDA:0,(anonymous_19)
FNDA:0,(anonymous_20)
FNDA:0,(anonymous_21)
FNDA:0,(anonymous_22)
FNDA:0,(anonymous_23)
FNDA:0,(anonymous_24)
FNDA:0,(anonymous_25)
FNDA:0,(anonymous_26)
FNDA:0,(anonymous_27)
FNDA:0,(anonymous_28)
DA:1,0
DA:2,0
DA:3,0
DA:4,0
DA:5,0
DA:9,0
DA:10,0
DA:11,0
DA:12,0
DA:18,0
DA:22,0
DA:23,0
DA:24,0
DA:25,0
DA:26,0
DA:27,0
DA:29,0
DA:35,0
DA:36,0
DA:42,0
DA:43,0
DA:44,0
DA:45,0
DA:47,0
DA:52,0
DA:53,0
DA:54,0
DA:57,0
DA:62,0
DA:64,0
DA:66,0
DA:68,0
DA:69,0
DA:71,0
DA:72,0
DA:73,0
DA:74,0
DA:77,0
DA:79,0
DA:87,0
DA:89,0
DA:90,0
DA:95,0
DA:96,0
DA:97,0
DA:98,0
DA:100,0
DA:107,0
DA:109,0
DA:110,0
DA:118,0
DA:119,0
DA:121,0
DA:123,0
DA:124,0
DA:125,0
DA:128,0
DA:129,0
DA:131,0
DA:132,0
DA:133,0
DA:135,0
DA:137,0
DA:138,0
DA:142,0
DA:143,0
DA:144,0
DA:146,0
DA:152,0
DA:156,0
DA:157,0
DA:158,0
DA:159,0
DA:161,0
DA:166,0
DA:171,0
DA:172,0
DA:174,0
DA:175,0
DA:176,0
DA:178,0
DA:183,0
DA:186,0
DA:192,0
DA:195,0
DA:196,0
DA:203,0
DA:215,0
DA:227,0
DA:243,0
DA:245,0
DA:257,0
DA:258,0
DA:259,0
DA:262,0
DA:263,0
DA:265,0
DA:272,0
DA:273,0
DA:274,0
DA:276,0
DA:284,0
DA:290,0
DA:291,0
DA:292,0
DA:295,0
DA:296,0
DA:298,0
DA:300,0
DA:301,0
DA:302,0
DA:304,0
DA:312,0
DA:314,0
DA:320,0
DA:321,0
DA:323,0
DA:326,0
DA:335,0
DA:338,0
DA:339,0
DA:350,0
DA:351,0
DA:352,0
DA:353,0
DA:355,0
DA:356,0
DA:358,0
DA:359,0
DA:360,0
DA:362,0
DA:363,0
DA:364,0
DA:365,0
DA:368,0
DA:372,0
DA:373,0
DA:379,0
DA:382,0
DA:383,0
DA:389,0
DA:390,0
DA:396,0
DA:398,0
DA:399,0
DA:401,0
DA:402,0
DA:403,0
DA:405,0
DA:406,0
DA:407,0
DA:408,0
DA:409,0
DA:410,0
DA:417,0
DA:423,0
DA:424,0
DA:427,0
DA:435,0
DA:437,0
DA:440,0
DA:441,0
DA:449,0
DA:450,0
DA:451,0
DA:458,0
DA:459,0
DA:467,0
DA:468,0
DA:475,0
DA:476,0
DA:484,0
DA:485,0
DA:492,0
DA:493,0
DA:501,0
DA:509,0
DA:515,0
DA:517,0
DA:519,0
DA:520,0
DA:521,0
DA:522,0
DA:523,0
DA:524,0
DA:525,0
LF:186
LH:0
BRDA:9,0,0,0
BRDA:9,0,1,0
BRDA:11,1,0,0
BRDA:11,1,1,0
BRDA:41,2,0,0
BRDA:41,3,0,0
BRDA:47,4,0,0
BRDA:47,4,1,0
BRDA:53,5,0,0
BRDA:53,5,1,0
BRDA:61,6,0,0
BRDA:71,7,0,0
BRDA:71,7,1,0
BRDA:73,8,0,0
BRDA:73,8,1,0
BRDA:96,9,0,0
BRDA:96,9,1,0
BRDA:97,10,0,0
BRDA:97,10,1,0
BRDA:117,11,0,0
BRDA:123,12,0,0
BRDA:123,12,1,0
BRDA:124,13,0,0
BRDA:124,13,1,0
BRDA:129,14,0,0
BRDA:129,14,1,0
BRDA:131,15,0,0
BRDA:131,15,1,0
BRDA:135,16,0,0
BRDA:135,16,1,0
BRDA:142,17,0,0
BRDA:142,17,1,0
BRDA:157,18,0,0
BRDA:157,18,1,0
BRDA:174,19,0,0
BRDA:174,19,1,0
BRDA:238,20,0,0
BRDA:240,21,0,0
BRDA:241,22,0,0
BRDA:242,23,0,0
BRDA:262,24,0,0
BRDA:262,24,1,0
BRDA:280,25,0,0
BRDA:280,25,1,0
BRDA:291,26,0,0
BRDA:291,26,1,0
BRDA:291,27,0,0
BRDA:291,27,1,0
BRDA:296,28,0,0
BRDA:296,28,1,0
BRDA:296,29,0,0
BRDA:296,29,1,0
BRDA:349,30,0,0
BRDA:362,31,0,0
BRDA:362,31,1,0
BRDA:372,32,0,0
BRDA:372,32,1,0
BRDA:409,33,0,0
BRDA:409,33,1,0
BRDA:450,34,0,0
BRDA:450,34,1,0
BRDA:458,35,0,0
BRDA:458,35,1,0
BRDA:467,36,0,0
BRDA:467,36,1,0
BRDA:475,37,0,0
BRDA:475,37,1,0
BRDA:484,38,0,0
BRDA:484,38,1,0
BRDA:484,39,0,0
BRDA:484,39,1,0
BRDA:492,40,0,0
BRDA:492,40,1,0
BRF:73
BRH:0
end_of_record
TN:
SF:middleware/validation.js
FN:6,(anonymous_0)
FN:22,(anonymous_1)
FN:188,(anonymous_2)
FN:207,(anonymous_3)
FNF:4
FNH:0
FNDA:0,(anonymous_0)
FNDA:0,(anonymous_1)
FNDA:0,(anonymous_2)
FNDA:0,(anonymous_3)
DA:1,0
DA:6,0
DA:7,0
DA:8,0
DA:9,0
DA:16,0
DA:22,0
DA:23,0
DA:34,0
DA:50,0
DA:79,0
DA:120,0
DA:146,0
DA:161,0
DA:173,0
DA:188,0
DA:190,0
DA:193,0
DA:194,0
DA:195,0
DA:196,0
DA:199,0
DA:201,0
DA:207,0
DA:208,0
DA:209,0
DA:211,0
DA:212,0
DA:219,0
DA:222,0
LF:30
LH:0
BRDA:8,0,0,0
BRDA:8,0,1,0
BRDA:208,1,0,0
BRDA:208,1,1,0
BRDA:211,2,0,0
BRDA:211,2,1,0
BRF:6
BRH:0
end_of_record
TN:
SF:routes/analysis.js
FN:23,(anonymous_0)
FN:26,(anonymous_1)
FN:38,(anonymous_2)
FN:57,(anonymous_3)
FN:223,(anonymous_4)
FN:228,(anonymous_5)
FN:269,(anonymous_6)
FN:327,(anonymous_7)
FN:382,(anonymous_8)
FN:419,(anonymous_9)
FNF:10
FNH:0
FNDA:0,(anonymous_0)
FNDA:0,(anonymous_1)
FNDA:0,(anonymous_2)
FNDA:0,(anonymous_3)
FNDA:0,(anonymous_4)
FNDA:0,(anonymous_5)
FNDA:0,(anonymous_6)
FNDA:0,(anonymous_7)
FNDA:0,(anonymous_8)
FNDA:0,(anonymous_9)
DA:1,0
DA:2,0
DA:3,0
DA:4,0
DA:5,0
DA:6,0
DA:7,0
DA:8,0
DA:10,0
DA:13,0
DA:22,0
DA:24,0
DA:27,0
DA:28,0
DA:32,0
DA:40,0
DA:41,0
DA:42,0
DA:44,0
DA:53,0
DA:58,0
DA:60,0
DA:61,0
DA:62,0
DA:69,0
DA:72,0
DA:73,0
DA:74,0
DA:80,0
DA:88,0
DA:90,0
DA:95,0
DA:96,0
DA:99,0
DA:101,0
DA:136,0
DA:137,0
DA:145,0
DA:146,0
DA:149,0
DA:153,0
DA:154,0
DA:157,0
DA:173,0
DA:174,0
DA:181,0
DA:185,0
DA:186,0
DA:196,0
DA:199,0
DA:214,0
DA:217,0
DA:218,0
DA:223,0
DA:227,0
DA:228,0
DA:229,0
DA:234,0
DA:235,0
DA:236,0
DA:238,0
DA:247,0
DA:248,0
DA:255,0
DA:269,0
DA:270,0
DA:271,0
DA:273,0
DA:280,0
DA:282,0
DA:283,0
DA:290,0
DA:293,0
DA:294,0
DA:301,0
DA:314,0
DA:315,0
DA:327,0
DA:328,0
DA:329,0
DA:330,0
DA:332,0
DA:341,0
DA:347,0
DA:352,0
DA:353,0
DA:355,0
DA:369,0
DA:370,0
DA:382,0
DA:383,0
DA:384,0
DA:387,0
DA:393,0
DA:395,0
DA:396,0
DA:403,0
DA:406,0
DA:407,0
DA:415,0
DA:418,0
DA:419,0
DA:420,0
DA:424,0
DA:430,0
DA:431,0
DA:439,0
LF:107
LH:0
BRDA:24,0,0,0
BRDA:24,0,1,0
BRDA:35,1,0,0
BRDA:35,1,1,0
BRDA:41,2,0,0
BRDA:41,2,1,0
BRDA:61,3,0,0
BRDA:61,3,1,0
BRDA:69,4,0,0
BRDA:69,5,0,0
BRDA:145,6,0,0
BRDA:145,6,1,0
BRDA:145,7,0,0
BRDA:145,7,1,0
BRDA:145,7,2,0
BRDA:192,8,0,0
BRDA:192,8,1,0
BRDA:217,9,0,0
BRDA:217,9,1,0
BRDA:227,10,0,0
BRDA:227,10,1,0
BRDA:227,11,0,0
BRDA:227,11,1,0
BRDA:234,12,0,0
BRDA:234,12,1,0
BRDA:241,13,0,0
BRDA:241,13,1,0
BRDA:247,14,0,0
BRDA:247,14,1,0
BRDA:247,15,0,0
BRDA:247,15,1,0
BRDA:282,16,0,0
BRDA:282,16,1,0
BRDA:293,17,0,0
BRDA:293,17,1,0
BRDA:329,18,0,0
BRDA:329,19,0,0
BRDA:395,20,0,0
BRDA:395,20,1,0
BRDA:406,21,0,0
BRDA:406,21,1,0
BRDA:418,22,0,0
BRDA:418,22,1,0
BRF:43
BRH:0
end_of_record
TN:
SF:routes/auth.js
FN:23,(anonymous_0)
FN:152,(anonymous_1)
FN:264,(anonymous_2)
FN:298,(anonymous_3)
FN:332,(anonymous_4)
FN:375,(anonymous_5)
FNF:6
FNH:0
FNDA:0,(anonymous_0)
FNDA:0,(anonymous_1)
FNDA:0,(anonymous_2)
FNDA:0,(anonymous_3)
FNDA:0,(anonymous_4)
FNDA:0,(anonymous_5)
DA:1,0
DA:2,0
DA:3,0
DA:4,0
DA:5,0
DA:6,0
DA:8,0
DA:11,0
DA:23,0
DA:24,0
DA:33,0
DA:36,0
DA:37,0
DA:45,0
DA:46,0
DA:47,0
DA:55,0
DA:56,0
DA:64,0
DA:65,0
DA:67,0
DA:68,0
DA:76,0
DA:77,0
DA:80,0
DA:86,0
DA:96,0
DA:99,0
DA:106,0
DA:107,0
DA:109,0
DA:116,0
DA:122,0
DA:139,0
DA:140,0
DA:152,0
DA:153,0
DA:154,0
DA:156,0
DA:157,0
DA:165,0
DA:171,0
DA:173,0
DA:174,0
DA:181,0
DA:184,0
DA:185,0
DA:193,0
DA:195,0
DA:196,0
DA:204,0
DA:211,0
DA:212,0
DA:214,0
DA:221,0
DA:227,0
DA:233,0
DA:251,0
DA:252,0
DA:264,0
DA:265,0
DA:267,0
DA:273,0
DA:279,0
DA:285,0
DA:286,0
DA:298,0
DA:299,0
DA:301,0
DA:307,0
DA:313,0
DA:319,0
DA:320,0
DA:332,0
DA:333,0
DA:335,0
DA:342,0
DA:343,0
DA:345,0
DA:352,0
DA:362,0
DA:363,0
DA:375,0
DA:376,0
DA:377,0
DA:384,0
DA:386,0
DA:387,0
DA:394,0
DA:396,0
DA:415,0
DA:416,0
DA:424,0
LF:93
LH:0
BRDA:32,0,0,0
BRDA:36,1,0,0
BRDA:36,1,1,0
BRDA:36,2,0,0
BRDA:36,2,1,0
BRDA:46,3,0,0
BRDA:46,3,1,0
BRDA:55,4,0,0
BRDA:55,4,1,0
BRDA:67,5,0,0
BRDA:67,5,1,0
BRDA:156,6,0,0
BRDA:156,6,1,0
BRDA:156,7,0,0
BRDA:156,7,1,0
BRDA:173,8,0,0
BRDA:173,8,1,0
BRDA:184,9,0,0
BRDA:184,9,1,0
BRDA:195,10,0,0
BRDA:195,10,1,0
BRDA:386,11,0,0
BRDA:386,11,1,0
BRF:23
BRH:0
end_of_record
TN:
SF:routes/flirts.js
FN:38,generateContextBasedFallback
FN:166,(anonymous_1)
FN:265,(anonymous_2)
FN:267,(anonymous_3)
FN:275,(anonymous_4)
FN:316,(anonymous_5)
FN:317,(anonymous_6)
FN:584,(anonymous_7)
FN:585,(anonymous_8)
FN:590,(anonymous_9)
FN:593,(anonymous_10)
FN:745,(anonymous_11)
FN:831,(anonymous_12)
FN:849,(anonymous_13)
FN:900,(anonymous_14)
FN:970,(anonymous_15)
FN:1044,(anonymous_16)
FN:1103,(anonymous_17)
FN:1143,(anonymous_18)
FN:1422,(anonymous_19)
FN:1516,(anonymous_20)
FNF:21
FNH:0
FNDA:0,generateContextBasedFallback
FNDA:0,(anonymous_1)
FNDA:0,(anonymous_2)
FNDA:0,(anonymous_3)
FNDA:0,(anonymous_4)
FNDA:0,(anonymous_5)
FNDA:0,(anonymous_6)
FNDA:0,(anonymous_7)
FNDA:0,(anonymous_8)
FNDA:0,(anonymous_9)
FNDA:0,(anonymous_10)
FNDA:0,(anonymous_11)
FNDA:0,(anonymous_12)
FNDA:0,(anonymous_13)
FNDA:0,(anonymous_14)
FNDA:0,(anonymous_15)
FNDA:0,(anonymous_16)
FNDA:0,(anonymous_17)
FNDA:0,(anonymous_18)
FNDA:0,(anonymous_19)
FNDA:0,(anonymous_20)
DA:1,0
DA:2,0
DA:3,0
DA:4,0
DA:5,0
DA:6,0
DA:7,0
DA:8,0
DA:9,0
DA:10,0
DA:11,0
DA:13,0
DA:16,0
DA:27,0
DA:39,0
DA:42,0
DA:43,0
DA:44,0
DA:45,0
DA:46,0
DA:49,0
DA:50,0
DA:51,0
DA:52,0
DA:53,0
DA:56,0
DA:57,0
DA:58,0
DA:59,0
DA:60,0
DA:63,0
DA:65,0
DA:66,0
DA:67,0
DA:74,0
DA:75,0
DA:82,0
DA:83,0
DA:84,0
DA:91,0
DA:92,0
DA:99,0
DA:100,0
DA:108,0
DA:116,0
DA:122,0
DA:123,0
DA:124,0
DA:131,0
DA:137,0
DA:138,0
DA:146,0
DA:147,0
DA:148,0
DA:155,0
DA:162,0
DA:174,0
DA:177,0
DA:178,0
DA:181,0
DA:182,0
DA:185,0
DA:186,0
DA:195,0
DA:197,0
DA:203,0
DA:204,0
DA:213,0
DA:214,0
DA:216,0
DA:218,0
DA:231,0
DA:249,0
DA:253,0
DA:254,0
DA:255,0
DA:257,0
DA:258,0
DA:263,0
DA:264,0
DA:265,0
DA:266,0
DA:267,0
DA:275,0
DA:284,0
DA:297,0
DA:304,0
DA:313,0
DA:316,0
DA:317,0
DA:326,0
DA:339,0
DA:346,0
DA:357,0
DA:358,0
DA:359,0
DA:366,0
DA:368,0
DA:369,0
DA:371,0
DA:374,0
DA:375,0
DA:384,0
DA:388,0
DA:389,0
DA:392,0
DA:393,0
DA:397,0
DA:399,0
DA:402,0
DA:404,0
DA:405,0
DA:407,0
DA:408,0
DA:411,0
DA:417,0
DA:419,0
DA:428,0
DA:431,0
DA:443,0
DA:445,0
DA:517,0
DA:555,0
DA:562,0
DA:564,0
DA:581,0
DA:584,0
DA:585,0
DA:586,0
DA:589,0
DA:590,0
DA:591,0
DA:592,0
DA:594,0
DA:595,0
DA:599,0
DA:600,0
DA:607,0
DA:608,0
DA:611,0
DA:612,0
DA:613,0
DA:625,0
DA:626,0
DA:627,0
DA:628,0
DA:630,0
DA:633,0
DA:636,0
DA:637,0
DA:648,0
DA:649,0
DA:651,0
DA:653,0
DA:654,0
DA:657,0
DA:660,0
DA:661,0
DA:663,0
DA:664,0
DA:668,0
DA:669,0
DA:674,0
DA:675,0
DA:676,0
DA:677,0
DA:679,0
DA:680,0
DA:686,0
DA:701,0
DA:702,0
DA:704,0
DA:707,0
DA:717,0
DA:729,0
DA:730,0
DA:732,0
DA:736,0
DA:737,0
DA:745,0
DA:751,0
DA:755,0
DA:761,0
DA:767,0
DA:776,0
DA:779,0
DA:784,0
DA:792,0
DA:793,0
DA:794,0
DA:797,0
DA:800,0
DA:801,0
DA:802,0
DA:829,0
DA:830,0
DA:831,0
DA:839,0
DA:841,0
DA:844,0
DA:847,0
DA:848,0
DA:849,0
DA:860,0
DA:876,0
DA:877,0
DA:885,0
DA:900,0
DA:901,0
DA:902,0
DA:903,0
DA:905,0
DA:906,0
DA:908,0
DA:909,0
DA:910,0
DA:913,0
DA:914,0
DA:915,0
DA:918,0
DA:927,0
DA:933,0
DA:935,0
DA:940,0
DA:941,0
DA:943,0
DA:957,0
DA:958,0
DA:970,0
DA:971,0
DA:972,0
DA:973,0
DA:975,0
DA:976,0
DA:984,0
DA:988,0
DA:990,0
DA:991,0
DA:998,0
DA:999,0
DA:1007,0
DA:1015,0
DA:1025,0
DA:1031,0
DA:1032,0
DA:1044,0
DA:1045,0
DA:1046,0
DA:1049,0
DA:1053,0
DA:1055,0
DA:1056,0
DA:1063,0
DA:1064,0
DA:1072,0
DA:1078,0
DA:1084,0
DA:1090,0
DA:1091,0
DA:1103,0
DA:1104,0
DA:1105,0
DA:1108,0
DA:1113,0
DA:1114,0
DA:1121,0
DA:1127,0
DA:1128,0
DA:1140,0
DA:1144,0
DA:1145,0
DA:1147,0
DA:1148,0
DA:1150,0
DA:1151,0
DA:1161,0
DA:1162,0
DA:1165,0
DA:1166,0
DA:1167,0
DA:1168,0
DA:1169,0
DA:1172,0
DA:1175,0
DA:1176,0
DA:1177,0
DA:1178,0
DA:1184,0
DA:1185,0
DA:1186,0
DA:1193,0
DA:1202,0
DA:1205,0
DA:1212,0
DA:1213,0
DA:1214,0
DA:1218,0
DA:1223,0
DA:1224,0
DA:1244,0
DA:1253,0
DA:1256,0
DA:1258,0
DA:1283,0
DA:1300,0
DA:1302,0
DA:1303,0
DA:1304,0
DA:1305,0
DA:1313,0
DA:1315,0
DA:1316,0
DA:1319,0
DA:1324,0
DA:1327,0
DA:1340,0
DA:1351,0
DA:1352,0
DA:1353,0
DA:1354,0
DA:1356,0
DA:1360,0
DA:1361,0
DA:1374,0
DA:1378,0
DA:1395,0
DA:1404,0
DA:1407,0
DA:1408,0
DA:1422,0
DA:1423,0
DA:1424,0
DA:1427,0
DA:1430,0
DA:1433,0
DA:1434,0
DA:1435,0
DA:1437,0
DA:1444,0
DA:1446,0
DA:1483,0
DA:1484,0
DA:1487,0
DA:1488,0
DA:1491,0
DA:1493,0
DA:1496,0
DA:1498,0
DA:1516,0
DA:1517,0
DA:1518,0
DA:1519,0
DA:1521,0
DA:1523,0
DA:1549,0
DA:1556,0
DA:1564,0
LF:357
LH:0
BRDA:42,0,0,0
BRDA:42,0,1,0
BRDA:43,1,0,0
BRDA:43,1,1,0
BRDA:44,2,0,0
BRDA:44,2,1,0
BRDA:45,3,0,0
BRDA:45,3,1,0
BRDA:46,4,0,0
BRDA:46,4,1,0
BRDA:46,4,2,0
BRDA:49,5,0,0
BRDA:49,5,1,0
BRDA:50,6,0,0
BRDA:50,6,1,0
BRDA:51,7,0,0
BRDA:51,7,1,0
BRDA:52,8,0,0
BRDA:52,8,1,0
BRDA:53,9,0,0
BRDA:53,9,1,0
BRDA:56,10,0,0
BRDA:56,10,1,0
BRDA:57,11,0,0
BRDA:57,11,1,0
BRDA:59,12,0,0
BRDA:59,12,1,0
BRDA:60,13,0,0
BRDA:60,13,1,0
BRDA:63,14,0,0
BRDA:63,14,1,0
BRDA:65,15,0,0
BRDA:65,15,1,0
BRDA:65,16,0,0
BRDA:65,16,1,0
BRDA:68,17,0,0
BRDA:68,17,1,0
BRDA:74,18,0,0
BRDA:74,18,1,0
BRDA:74,19,0,0
BRDA:74,19,1,0
BRDA:76,20,0,0
BRDA:76,20,1,0
BRDA:82,21,0,0
BRDA:82,21,1,0
BRDA:82,22,0,0
BRDA:82,22,1,0
BRDA:85,23,0,0
BRDA:85,23,1,0
BRDA:91,24,0,0
BRDA:91,24,1,0
BRDA:93,25,0,0
BRDA:93,25,1,0
BRDA:99,26,0,0
BRDA:99,26,1,0
BRDA:99,27,0,0
BRDA:99,27,1,0
BRDA:101,28,0,0
BRDA:101,28,1,0
BRDA:117,29,0,0
BRDA:117,29,1,0
BRDA:122,30,0,0
BRDA:122,30,1,0
BRDA:123,31,0,0
BRDA:123,31,1,0
BRDA:125,32,0,0
BRDA:125,32,1,0
BRDA:132,33,0,0
BRDA:132,33,1,0
BRDA:137,34,0,0
BRDA:137,34,1,0
BRDA:139,35,0,0
BRDA:139,35,1,0
BRDA:170,36,0,0
BRDA:171,37,0,0
BRDA:172,38,0,0
BRDA:173,39,0,0
BRDA:177,40,0,0
BRDA:177,40,1,0
BRDA:181,41,0,0
BRDA:181,41,1,0
BRDA:185,42,0,0
BRDA:185,42,1,0
BRDA:203,43,0,0
BRDA:203,43,1,0
BRDA:213,44,0,0
BRDA:213,44,1,0
BRDA:218,45,0,0
BRDA:218,45,1,0
BRDA:253,46,0,0
BRDA:253,46,1,0
BRDA:253,47,0,0
BRDA:253,47,1,0
BRDA:263,48,0,0
BRDA:263,48,1,0
BRDA:278,49,0,0
BRDA:278,49,1,0
BRDA:279,50,0,0
BRDA:279,50,1,0
BRDA:368,51,0,0
BRDA:368,51,1,0
BRDA:374,52,0,0
BRDA:374,52,1,0
BRDA:388,53,0,0
BRDA:388,53,1,0
BRDA:392,54,0,0
BRDA:392,54,1,0
BRDA:392,55,0,0
BRDA:392,55,1,0
BRDA:393,56,0,0
BRDA:393,56,1,0
BRDA:399,57,0,0
BRDA:399,57,1,0
BRDA:400,58,0,0
BRDA:400,58,1,0
BRDA:400,59,0,0
BRDA:400,59,1,0
BRDA:407,60,0,0
BRDA:407,60,1,0
BRDA:414,61,0,0
BRDA:414,61,1,0
BRDA:443,62,0,0
BRDA:443,62,1,0
BRDA:451,63,0,0
BRDA:451,63,1,0
BRDA:452,64,0,0
BRDA:452,64,1,0
BRDA:512,65,0,0
BRDA:512,65,1,0
BRDA:589,66,0,0
BRDA:589,66,1,0
BRDA:589,67,0,0
BRDA:589,67,1,0
BRDA:607,68,0,0
BRDA:607,68,1,0
BRDA:625,69,0,0
BRDA:625,69,1,0
BRDA:648,70,0,0
BRDA:648,70,1,0
BRDA:653,71,0,0
BRDA:653,71,1,0
BRDA:653,72,0,0
BRDA:653,72,1,0
BRDA:653,72,2,0
BRDA:668,73,0,0
BRDA:668,73,1,0
BRDA:668,74,0,0
BRDA:668,74,1,0
BRDA:690,75,0,0
BRDA:690,75,1,0
BRDA:697,76,0,0
BRDA:697,76,1,0
BRDA:710,77,0,0
BRDA:710,77,1,0
BRDA:746,78,0,0
BRDA:746,78,1,0
BRDA:758,79,0,0
BRDA:758,79,1,0
BRDA:764,80,0,0
BRDA:764,80,1,0
BRDA:792,81,0,0
BRDA:792,81,1,0
BRDA:813,82,0,0
BRDA:813,82,1,0
BRDA:829,83,0,0
BRDA:829,83,1,0
BRDA:834,84,0,0
BRDA:834,84,1,0
BRDA:837,85,0,0
BRDA:837,85,1,0
BRDA:847,86,0,0
BRDA:847,86,1,0
BRDA:847,86,2,0
BRDA:876,87,0,0
BRDA:876,87,1,0
BRDA:876,88,0,0
BRDA:876,88,1,0
BRDA:876,88,2,0
BRDA:902,89,0,0
BRDA:902,90,0,0
BRDA:908,91,0,0
BRDA:908,91,1,0
BRDA:913,92,0,0
BRDA:913,92,1,0
BRDA:975,93,0,0
BRDA:975,93,1,0
BRDA:975,94,0,0
BRDA:975,94,1,0
BRDA:975,94,2,0
BRDA:990,95,0,0
BRDA:990,95,1,0
BRDA:998,96,0,0
BRDA:998,96,1,0
BRDA:1021,97,0,0
BRDA:1021,97,1,0
BRDA:1055,98,0,0
BRDA:1055,98,1,0
BRDA:1063,99,0,0
BRDA:1063,99,1,0
BRDA:1113,100,0,0
BRDA:1113,100,1,0
BRDA:1150,101,0,0
BRDA:1150,101,1,0
BRDA:1150,102,0,0
BRDA:1150,102,1,0
BRDA:1166,103,0,0
BRDA:1166,103,1,0
BRDA:1167,104,0,0
BRDA:1167,104,1,0
BRDA:1168,105,0,0
BRDA:1168,105,1,0
BRDA:1169,106,0,0
BRDA:1169,106,1,0
BRDA:1175,107,0,0
BRDA:1175,107,1,0
BRDA:1180,108,0,0
BRDA:1180,108,1,0
BRDA:1184,109,0,0
BRDA:1184,109,1,0
BRDA:1196,110,0,0
BRDA:1196,110,1,0
BRDA:1197,111,0,0
BRDA:1197,111,1,0
BRDA:1212,112,0,0
BRDA:1212,112,1,0
BRDA:1223,113,0,0
BRDA:1223,113,1,0
BRDA:1225,114,0,0
BRDA:1225,114,1,0
BRDA:1226,115,0,0
BRDA:1226,115,1,0
BRDA:1228,116,0,0
BRDA:1228,116,1,0
BRDA:1229,117,0,0
BRDA:1229,117,1,0
BRDA:1230,118,0,0
BRDA:1230,118,1,0
BRDA:1231,119,0,0
BRDA:1231,119,1,0
BRDA:1232,120,0,0
BRDA:1232,120,1,0
BRDA:1234,121,0,0
BRDA:1234,121,1,0
BRDA:1235,122,0,0
BRDA:1235,122,1,0
BRDA:1236,123,0,0
BRDA:1236,123,1,0
BRDA:1238,124,0,0
BRDA:1238,124,1,0
BRDA:1260,125,0,0
BRDA:1260,125,1,0
BRDA:1261,126,0,0
BRDA:1261,126,1,0
BRDA:1262,127,0,0
BRDA:1262,127,1,0
BRDA:1300,128,0,0
BRDA:1300,128,1,0
BRDA:1302,129,0,0
BRDA:1302,129,1,0
BRDA:1302,130,0,0
BRDA:1302,130,1,0
BRDA:1328,131,0,0
BRDA:1328,131,1,0
BRDA:1329,132,0,0
BRDA:1329,132,1,0
BRDA:1330,133,0,0
BRDA:1330,133,1,0
BRDA:1331,134,0,0
BRDA:1331,134,1,0
BRDA:1332,135,0,0
BRDA:1332,135,1,0
BRDA:1335,136,0,0
BRDA:1335,136,1,0
BRDA:1352,137,0,0
BRDA:1352,137,1,0
BRDA:1366,138,0,0
BRDA:1366,138,1,0
BRDA:1383,139,0,0
BRDA:1383,139,1,0
BRDA:1384,140,0,0
BRDA:1384,140,1,0
BRDA:1385,141,0,0
BRDA:1385,141,1,0
BRDA:1386,142,0,0
BRDA:1386,142,1,0
BRDA:1388,143,0,0
BRDA:1388,143,1,0
BRDA:1397,144,0,0
BRDA:1397,144,1,0
BRDA:1398,145,0,0
BRDA:1398,145,1,0
BRDA:1399,146,0,0
BRDA:1399,146,1,0
BRDA:1401,147,0,0
BRDA:1401,147,1,0
BRDA:1483,148,0,0
BRDA:1483,148,1,0
BRDA:1483,149,0,0
BRDA:1483,149,1,0
BRDA:1487,150,0,0
BRDA:1487,150,1,0
BRDA:1491,151,0,0
BRDA:1491,151,1,0
BRDA:1530,152,0,0
BRDA:1530,152,1,0
BRF:305
BRH:0
end_of_record
TN:
SF:routes/orchestrated-flirts.js
FN:33,(anonymous_0)
FN:228,(anonymous_1)
FN:273,(anonymous_2)
FN:358,generateLegacyFlirts
FN:379,(anonymous_4)
FN:401,generateEmergencyFallback
FN:455,calculateQualityMetrics
FN:465,(anonymous_7)
FN:466,(anonymous_8)
FN:469,(anonymous_9)
FN:470,(anonymous_10)
FN:471,(anonymous_11)
FN:475,(anonymous_12)
FN:477,(anonymous_13)
FN:478,(anonymous_14)
FN:479,(anonymous_15)
FN:495,logPerformanceMetrics
FNF:17
FNH:0
FNDA:0,(anonymous_0)
FNDA:0,(anonymous_1)
FNDA:0,(anonymous_2)
FNDA:0,generateLegacyFlirts
FNDA:0,(anonymous_4)
FNDA:0,generateEmergencyFallback
FNDA:0,calculateQualityMetrics
FNDA:0,(anonymous_7)
FNDA:0,(anonymous_8)
FNDA:0,(anonymous_9)
FNDA:0,(anonymous_10)
FNDA:0,(anonymous_11)
FNDA:0,(anonymous_12)
FNDA:0,(anonymous_13)
FNDA:0,(anonymous_14)
FNDA:0,(anonymous_15)
FNDA:0,logPerformanceMetrics
DA:16,0
DA:17,0
DA:18,0
DA:19,0
DA:20,0
DA:21,0
DA:23,0
DA:29,0
DA:34,0
DA:35,0
DA:47,0
DA:50,0
DA:51,0
DA:54,0
DA:56,0
DA:66,0
DA:68,0
DA:69,0
DA:78,0
DA:97,0
DA:98,0
DA:100,0
DA:101,0
DA:102,0
DA:103,0
DA:108,0
DA:110,0
DA:113,0
DA:116,0
DA:117,0
DA:121,0
DA:146,0
DA:157,0
DA:165,0
DA:168,0
DA:170,0
DA:178,0
DA:188,0
DA:189,0
DA:196,0
DA:209,0
DA:226,0
DA:229,0
DA:230,0
DA:233,0
DA:234,0
DA:236,0
DA:256,0
DA:259,0
DA:260,0
DA:273,0
DA:274,0
DA:275,0
DA:278,0
DA:281,0
DA:282,0
DA:284,0
DA:285,0
DA:287,0
DA:289,0
DA:298,0
DA:300,0
DA:307,0
DA:315,0
DA:337,0
DA:338,0
DA:341,0
DA:342,0
DA:359,0
DA:360,0
DA:363,0
DA:373,0
DA:375,0
DA:376,0
DA:379,0
DA:393,0
DA:402,0
DA:404,0
DA:437,0
DA:456,0
DA:457,0
DA:465,0
DA:466,0
DA:468,0
DA:469,0
DA:470,0
DA:471,0
DA:475,0
DA:476,0
DA:477,0
DA:478,0
DA:479,0
DA:481,0
DA:483,0
DA:496,0
DA:497,0
DA:498,0
DA:508,0
DA:509,0
DA:510,0
DA:512,0
DA:514,0
DA:515,0
DA:516,0
DA:517,0
DA:518,0
DA:519,0
DA:520,0
DA:524,0
DA:525,0
DA:526,0
DA:529,0
DA:532,0
DA:540,0
DA:544,0
LF:115
LH:0
BRDA:35,0,0,0
BRDA:35,0,1,0
BRDA:40,1,0,0
BRDA:41,2,0,0
BRDA:42,3,0,0
BRDA:43,4,0,0
BRDA:44,5,0,0
BRDA:45,6,0,0
BRDA:46,7,0,0
BRDA:50,8,0,0
BRDA:50,8,1,0
BRDA:54,9,0,0
BRDA:54,9,1,0
BRDA:68,10,0,0
BRDA:68,10,1,0
BRDA:93,11,0,0
BRDA:93,11,1,0
BRDA:100,12,0,0
BRDA:100,12,1,0
BRDA:100,13,0,0
BRDA:100,13,1,0
BRDA:108,14,0,0
BRDA:108,14,1,0
BRDA:116,15,0,0
BRDA:116,15,1,0
BRDA:117,16,0,0
BRDA:117,16,1,0
BRDA:140,17,0,0
BRDA:140,17,1,0
BRDA:141,18,0,0
BRDA:141,18,1,0
BRDA:152,19,0,0
BRDA:152,19,1,0
BRDA:153,20,0,0
BRDA:153,20,1,0
BRDA:154,21,0,0
BRDA:154,21,1,0
BRDA:161,22,0,0
BRDA:161,22,1,0
BRDA:234,23,0,0
BRDA:234,23,1,0
BRDA:241,24,0,0
BRDA:241,24,1,0
BRDA:242,25,0,0
BRDA:242,25,1,0
BRDA:243,26,0,0
BRDA:243,26,1,0
BRDA:244,27,0,0
BRDA:244,27,1,0
BRDA:245,28,0,0
BRDA:245,28,1,0
BRDA:246,29,0,0
BRDA:246,29,1,0
BRDA:250,30,0,0
BRDA:250,30,1,0
BRDA:251,31,0,0
BRDA:251,31,1,0
BRDA:284,32,0,0
BRDA:284,32,1,0
BRDA:302,33,0,0
BRDA:302,33,1,0
BRDA:321,34,0,0
BRDA:321,34,1,0
BRDA:322,35,0,0
BRDA:322,35,1,0
BRDA:337,36,0,0
BRDA:337,36,1,0
BRDA:366,37,0,0
BRDA:366,37,1,0
BRDA:369,38,0,0
BRDA:369,38,1,0
BRDA:370,39,0,0
BRDA:370,39,1,0
BRDA:375,40,0,0
BRDA:375,40,1,0
BRDA:456,41,0,0
BRDA:456,41,1,0
BRDA:456,42,0,0
BRDA:456,42,1,0
BRDA:465,43,0,0
BRDA:465,43,1,0
BRDA:465,43,2,0
BRDA:469,44,0,0
BRDA:469,44,1,0
BRDA:470,45,0,0
BRDA:470,45,1,0
BRDA:470,46,0,0
BRDA:470,46,1,0
BRDA:470,47,0,0
BRDA:470,47,1,0
BRDA:471,48,0,0
BRDA:471,48,1,0
BRDA:498,49,0,0
BRDA:498,49,1,0
BRDA:509,50,0,0
BRDA:509,50,1,0
BRDA:514,51,0,0
BRDA:514,51,1,0
BRDA:517,52,0,0
BRDA:517,52,1,0
BRDA:519,53,0,0
BRDA:519,53,1,0
BRF:102
BRH:0
end_of_record
TN:
SF:routes/voice.js
FN:26,(anonymous_0)
FN:254,(anonymous_1)
FN:315,(anonymous_2)
FN:342,(anonymous_3)
FN:379,(anonymous_4)
FN:420,(anonymous_5)
FN:457,(anonymous_6)
FN:481,(anonymous_7)
FNF:8
FNH:0
FNDA:0,(anonymous_0)
FNDA:0,(anonymous_1)
FNDA:0,(anonymous_2)
FNDA:0,(anonymous_3)
FNDA:0,(anonymous_4)
FNDA:0,(anonymous_5)
FNDA:0,(anonymous_6)
FNDA:0,(anonymous_7)
DA:1,0
DA:2,0
DA:3,0
DA:4,0
DA:5,0
DA:6,0
DA:8,0
DA:11,0
DA:23,0
DA:27,0
DA:29,0
DA:41,0
DA:43,0
DA:44,0
DA:52,0
DA:53,0
DA:61,0
DA:62,0
DA:63,0
DA:67,0
DA:69,0
DA:70,0
DA:71,0
DA:72,0
DA:79,0
DA:84,0
DA:85,0
DA:86,0
DA:92,0
DA:99,0
DA:101,0
DA:105,0
DA:107,0
DA:113,0
DA:114,0
DA:124,0
DA:125,0
DA:129,0
DA:130,0
DA:132,0
DA:135,0
DA:136,0
DA:139,0
DA:140,0
DA:147,0
DA:151,0
DA:152,0
DA:164,0
DA:167,0
DA:182,0
DA:185,0
DA:186,0
DA:187,0
DA:194,0
DA:199,0
DA:200,0
DA:201,0
DA:204,0
DA:205,0
DA:214,0
DA:215,0
DA:223,0
DA:232,0
DA:233,0
DA:240,0
DA:254,0
DA:255,0
DA:256,0
DA:259,0
DA:266,0
DA:268,0
DA:269,0
DA:276,0
DA:279,0
DA:280,0
DA:288,0
DA:289,0
DA:296,0
DA:297,0
DA:299,0
DA:307,0
DA:308,0
DA:309,0
DA:310,0
DA:313,0
DA:315,0
DA:316,0
DA:317,0
DA:318,0
DA:326,0
DA:329,0
DA:330,0
DA:342,0
DA:343,0
DA:344,0
DA:345,0
DA:347,0
DA:348,0
DA:350,0
DA:351,0
DA:352,0
DA:355,0
DA:366,0
DA:372,0
DA:374,0
DA:379,0
DA:391,0
DA:393,0
DA:407,0
DA:408,0
DA:420,0
DA:421,0
DA:422,0
DA:425,0
DA:431,0
DA:433,0
DA:434,0
DA:441,0
DA:444,0
DA:445,0
DA:453,0
DA:456,0
DA:457,0
DA:458,0
DA:462,0
DA:468,0
DA:469,0
DA:481,0
DA:482,0
DA:483,0
DA:485,0
DA:492,0
DA:500,0
DA:502,0
DA:503,0
DA:511,0
DA:519,0
LF:137
LH:0
BRDA:33,0,0,0
BRDA:34,1,0,0
BRDA:35,2,0,0
BRDA:43,3,0,0
BRDA:43,3,1,0
BRDA:52,4,0,0
BRDA:52,4,1,0
BRDA:61,5,0,0
BRDA:61,5,1,0
BRDA:69,6,0,0
BRDA:69,6,1,0
BRDA:71,7,0,0
BRDA:71,7,1,0
BRDA:124,8,0,0
BRDA:124,8,1,0
BRDA:130,9,0,0
BRDA:130,9,1,0
BRDA:185,10,0,0
BRDA:185,10,1,0
BRDA:199,11,0,0
BRDA:199,11,1,0
BRDA:204,12,0,0
BRDA:204,12,1,0
BRDA:214,13,0,0
BRDA:214,13,1,0
BRDA:226,14,0,0
BRDA:226,14,1,0
BRDA:226,15,0,0
BRDA:226,15,1,0
BRDA:232,16,0,0
BRDA:232,16,1,0
BRDA:232,17,0,0
BRDA:232,17,1,0
BRDA:268,18,0,0
BRDA:268,18,1,0
BRDA:279,19,0,0
BRDA:279,19,1,0
BRDA:288,20,0,0
BRDA:288,20,1,0
BRDA:317,21,0,0
BRDA:317,21,1,0
BRDA:344,22,0,0
BRDA:344,23,0,0
BRDA:350,24,0,0
BRDA:350,24,1,0
BRDA:388,25,0,0
BRDA:388,25,1,0
BRDA:433,26,0,0
BRDA:433,26,1,0
BRDA:444,27,0,0
BRDA:444,27,1,0
BRDA:456,28,0,0
BRDA:456,28,1,0
BRDA:495,29,0,0
BRDA:495,29,1,0
BRDA:502,30,0,0
BRDA:502,30,1,0
BRF:57
BRH:0
end_of_record
